Running with optimizer adagrad and with augmentation CenterCrop
Training Epoch: 1
The best accuracy for epoch 1 is 68.49757673667204%.
Testing Epoch: 1
Training Epoch: 2
The best accuracy for epoch 2 is 94.53125%.
Testing Epoch: 2
Training Epoch: 3
The best accuracy for epoch 3 is 98.4375%.
Testing Epoch: 3
Training Epoch: 4
The best accuracy for epoch 4 is 100.0%.
Testing Epoch: 4
Training Epoch: 5
The best accuracy for epoch 5 is 100.0%.
Testing Epoch: 5
Training Epoch: 6
The best accuracy for epoch 6 is 100.0%.
Testing Epoch: 6
Training Epoch: 7
The best accuracy for epoch 7 is 96.62828947368422%.
Testing Epoch: 7
Training Epoch: 8
The best accuracy for epoch 8 is 98.4375%.
Testing Epoch: 8
Training Epoch: 9
The best accuracy for epoch 9 is 100.0%.
Testing Epoch: 9
Training Epoch: 10
The best accuracy for epoch 10 is 100.0%.
Testing Epoch: 10
Training Epoch: 11
The best accuracy for epoch 11 is 98.95833333333334%.
Testing Epoch: 11
Training Epoch: 12
The best accuracy for epoch 12 is 97.5%.
Testing Epoch: 12
Training Epoch: 13
The best accuracy for epoch 13 is 97.88851351351352%.
Testing Epoch: 13
Training Epoch: 14
The best accuracy for epoch 14 is 98.80952380952381%.
Testing Epoch: 14
Training Epoch: 15
The best accuracy for epoch 15 is 98.52941176470588%.
Testing Epoch: 15
Training Epoch: 16
The best accuracy for epoch 16 is 100.0%.
Testing Epoch: 16
Training Epoch: 17
The best accuracy for epoch 17 is 98.4375%.
Testing Epoch: 17
Training Epoch: 18
The best accuracy for epoch 18 is 98.95833333333334%.
Testing Epoch: 18
Training Epoch: 19
The best accuracy for epoch 19 is 99.28977272727273%.
Testing Epoch: 19
Training Epoch: 20
The best accuracy for epoch 20 is 100.0%.
Testing Epoch: 20
Training Epoch: 21
The best accuracy for epoch 21 is 99.19354838709677%.
Testing Epoch: 21
Training Epoch: 22
The best accuracy for epoch 22 is 100.0%.
Testing Epoch: 22
Training Epoch: 23
The best accuracy for epoch 23 is 99.375%.
Testing Epoch: 23
Training Epoch: 24
The best accuracy for epoch 24 is 100.0%.
Testing Epoch: 24
Training Epoch: 25
The best accuracy for epoch 25 is 100.0%.
Testing Epoch: 25
Training Epoch: 26
The best accuracy for epoch 26 is 100.0%.
Testing Epoch: 26
Training Epoch: 27
The best accuracy for epoch 27 is 100.0%.
Testing Epoch: 27
Training Epoch: 28
The best accuracy for epoch 28 is 99.43181818181817%.
Testing Epoch: 28
Training Epoch: 29
The best accuracy for epoch 29 is 99.32065217391305%.
Testing Epoch: 29
Training Epoch: 30
The best accuracy for epoch 30 is 100.0%.
Testing Epoch: 30
Training Epoch: 31
The best accuracy for epoch 31 is 100.0%.
Testing Epoch: 31
Training Epoch: 32
The best accuracy for epoch 32 is 100.0%.
Testing Epoch: 32
Training Epoch: 33
The best accuracy for epoch 33 is 100.0%.
Testing Epoch: 33
Training Epoch: 34
The best accuracy for epoch 34 is 100.0%.
Testing Epoch: 34
Training Epoch: 35
The best accuracy for epoch 35 is 100.0%.
Testing Epoch: 35
Training Epoch: 36
The best accuracy for epoch 36 is 100.0%.
Testing Epoch: 36
Training Epoch: 37
The best accuracy for epoch 37 is 100.0%.
Testing Epoch: 37
Training Epoch: 38
The best accuracy for epoch 38 is 100.0%.
Testing Epoch: 38
Training Epoch: 39
The best accuracy for epoch 39 is 100.0%.
Testing Epoch: 39
Training Epoch: 40
The best accuracy for epoch 40 is 100.0%.
Testing Epoch: 40
Training Epoch: 41
The best accuracy for epoch 41 is 100.0%.
Testing Epoch: 41
Training Epoch: 42
The best accuracy for epoch 42 is 100.0%.
Testing Epoch: 42
Training Epoch: 43
The best accuracy for epoch 43 is 100.0%.
Testing Epoch: 43
Training Epoch: 44
The best accuracy for epoch 44 is 100.0%.
Testing Epoch: 44
Training Epoch: 45
The best accuracy for epoch 45 is 100.0%.
Testing Epoch: 45
Training Epoch: 46
The best accuracy for epoch 46 is 99.83844911147011%.
Testing Epoch: 46
Training Epoch: 47
The best accuracy for epoch 47 is 100.0%.
Testing Epoch: 47
Training Epoch: 48
The best accuracy for epoch 48 is 99.81617647058823%.
Testing Epoch: 48
Training Epoch: 49
The best accuracy for epoch 49 is 100.0%.
Testing Epoch: 49
Training Epoch: 50
The best accuracy for epoch 50 is 98.94991922455574%.
Testing Epoch: 50
The top train accuracy is among 50 epochs is 100.0%.
The top test accuracy is among 50 epochs is 100.0%.
{'train_losses': [51.152511686086655, 9.283420283347368, 9.354944411665201, 6.671874767169356, 7.784570220857859, 2.130420448258519, 4.281864121556282, 7.278208375908434, 4.186509453691542, 3.4865680802613497, 5.2537898030132055, 6.746965211816132, 3.1679950123652816, 2.2384151904843748, 2.301790844183415, 1.6549622872844338, 2.5740170907229185, 2.8560992972925305, 1.8374368846416473, 1.5009783934801817, 1.5821094252169132, 1.1365753557765856, 1.559251312399283, 1.713164048269391, 1.3107265557628125, 0.9450581837445498, 1.5092091443948448, 1.2358190435916185, 1.169597188476473, 1.374785281950608, 1.1881243438692763, 1.2246827716007829, 3.2061324298847467, 1.436819126829505, 1.1462696702219546, 0.8651288796681911, 0.7973409189144149, 1.3020604683551937, 1.0519841306377202, 0.5961355974432081, 1.1652365085901693, 0.8602644286584109, 1.1079470622353256, 0.8202932530548424, 0.5191775695420802, 0.3252613154472783, 1.0022232350893319, 1.1064676165115088, 3.368972073076293, 1.4261354813352227], 'top_train_accuracies': [68.49757673667204, 94.53125, 98.4375, 100.0, 100.0, 100.0, 96.62828947368422, 98.4375, 100.0, 100.0, 98.95833333333334, 97.5, 97.88851351351352, 98.80952380952381, 98.52941176470588, 100.0, 98.4375, 98.95833333333334, 99.28977272727273, 100.0, 99.19354838709677, 100.0, 99.375, 100.0, 100.0, 100.0, 100.0, 99.43181818181817, 99.32065217391305, 100.0, 100.0, 100.0, 100.0, 100.0, 100.0, 100.0, 100.0, 100.0, 100.0, 100.0, 100.0, 100.0, 100.0, 100.0, 100.0, 99.83844911147011, 100.0, 99.81617647058823, 100.0, 98.94991922455574], 'test_losses': [6.949822664260864, 6.83858847618103, 5.96015191078186, 8.584853410720825, 8.757121324539185, 7.416752874851227, 5.345515310764313, 2.809008866548538, 1.2275832742452621, 5.9945231676101685, 5.539527773857117, 245.693452835083, 13.169764995574951, 0.08981913793832064, 7.19881546497345, 17.414737939834595, 7.590385437011719, 7.570621728897095, 3.853287696838379, 12.718759298324585, 4.803484618663788, 16.014872312545776, 22.98772621154785, 0.0667309071868658, 7.639610648155212, 1.5193776488304138, 0.6166741773486137, 20.323837995529175, 8.414316892623901, 1.6544367745518684, 14.55828046798706, 0.6061623618006706, 0.8438614755868912, 0.29231090657413006, 0.04623317252844572, 2.234657436609268, 0.09352531051263213, 3.8045172449201345, 0.8724453672766685, 1.0213653445243835, 0.03641696413978934, 1.5722057819366455, 0.13442455558106303, 0.8699525222182274, 0.7203515097498894, 2.2211379408836365, 0.0819016881287098, 2.2014013528823853, 321.42206954956055, 0.23404282238334417], 'top_test_accuracies': [52.34375, 56.25, 50.0, 50.0, 56.25, 53.125, 65.625, 78.98550724637681, 100.0, 56.25, 50.0, 50.0, 53.125, 100.0, 52.34375, 59.375, 65.625, 51.5625, 54.6875, 53.125, 59.375, 51.041666666666664, 59.375, 100.0, 50.0, 97.65625, 94.92753623188406, 50.0, 50.0, 96.875, 53.125, 96.875, 95.83333333333334, 98.55072463768117, 100.0, 82.03125, 100.0, 87.68115942028986, 90.625, 92.1875, 100.0, 86.71875, 100.0, 96.09375, 96.875, 81.25, 98.55072463768117, 87.5, 56.25, 100.0], 'train_times': [31.337834651, 31.04096425, 31.069815707, 31.102888614, 31.097035619, 31.109371025, 31.114393084, 31.123014256, 31.042385956, 31.055503186, 31.020420109, 31.099533481, 31.048594998, 31.073680746, 30.965229348, 31.004652638, 31.057993154, 31.0101879, 30.982664313, 31.003860402, 30.967806703, 31.005786709, 30.975581087, 30.966563439, 30.981127327, 31.011813632, 31.033215843, 31.013907953, 30.989712168, 30.879316532, 30.956212351, 30.941141443, 30.954436378, 30.900422157, 30.905455188, 30.912908236, 30.892863876, 30.871599662, 30.823868465, 30.817939487, 30.940421556, 30.93722213, 30.922876641, 30.946705674, 30.853367277, 30.855443712, 30.800184226, 30.847504746, 30.880278285, 30.901698509], 'test_times': [1.010859317, 1.012301661, 1.009053212, 1.013591403, 1.011691921, 1.010966351, 1.010923408, 1.016621415, 1.011548003, 1.006569823, 1.003149961, 1.006132268, 1.011197588, 1.011821824, 1.014151644, 1.007622605, 1.014178944, 1.006105537, 1.016082352, 1.012841022, 1.006543285, 1.005767843, 1.005304597, 1.00918108, 1.012229715, 1.009994639, 1.012314301, 1.011859839, 1.007812554, 1.012894171, 1.014784592, 1.008141839, 1.015350216, 1.005450017, 1.013583847, 1.007183231, 1.006900469, 1.006233119, 1.008069137, 1.007165963, 1.00771381, 1.006272842, 1.00807574, 1.011786662, 1.0078951, 1.009833672, 1.004830823, 1.006536959, 1.014666401, 1.00817883]}
