Running with optimizer adagrad and with augmentation ColorJitter
Training Epoch: 1
The best accuracy for epoch 1 is 52.827140549273025%.
Testing Epoch: 1
Training Epoch: 2
The best accuracy for epoch 2 is 64.0625%.
Testing Epoch: 2
Training Epoch: 3
The best accuracy for epoch 3 is 65.625%.
Testing Epoch: 3
Training Epoch: 4
The best accuracy for epoch 4 is 64.20454545454545%.
Testing Epoch: 4
Training Epoch: 5
The best accuracy for epoch 5 is 62.5%.
Testing Epoch: 5
Training Epoch: 6
The best accuracy for epoch 6 is 64.0625%.
Testing Epoch: 6
Training Epoch: 7
The best accuracy for epoch 7 is 63.166397415185784%.
Testing Epoch: 7
Training Epoch: 8
The best accuracy for epoch 8 is 84.375%.
Testing Epoch: 8
Training Epoch: 9
The best accuracy for epoch 9 is 71.875%.
Testing Epoch: 9
Training Epoch: 10
The best accuracy for epoch 10 is 87.5%.
Testing Epoch: 10
Training Epoch: 11
The best accuracy for epoch 11 is 79.01785714285714%.
Testing Epoch: 11
Training Epoch: 12
The best accuracy for epoch 12 is 85.71428571428571%.
Testing Epoch: 12
Training Epoch: 13
The best accuracy for epoch 13 is 84.375%.
Testing Epoch: 13
Training Epoch: 14
The best accuracy for epoch 14 is 87.5%.
Testing Epoch: 14
Training Epoch: 15
The best accuracy for epoch 15 is 80.20833333333334%.
Testing Epoch: 15
Training Epoch: 16
The best accuracy for epoch 16 is 81.50337837837837%.
Testing Epoch: 16
Training Epoch: 17
The best accuracy for epoch 17 is 84.5718901453958%.
Testing Epoch: 17
Training Epoch: 18
The best accuracy for epoch 18 is 92.79891304347827%.
Testing Epoch: 18
Training Epoch: 19
The best accuracy for epoch 19 is 93.75%.
Testing Epoch: 19
Training Epoch: 20
The best accuracy for epoch 20 is 96.875%.
Testing Epoch: 20
Training Epoch: 21
The best accuracy for epoch 21 is 93.10661764705883%.
Testing Epoch: 21
Training Epoch: 22
The best accuracy for epoch 22 is 91.875%.
Testing Epoch: 22
Training Epoch: 23
The best accuracy for epoch 23 is 94.16666666666667%.
Testing Epoch: 23
Training Epoch: 24
The best accuracy for epoch 24 is 93.75%.
Testing Epoch: 24
Training Epoch: 25
The best accuracy for epoch 25 is 95.3125%.
Testing Epoch: 25
Training Epoch: 26
The best accuracy for epoch 26 is 92.82407407407408%.
Testing Epoch: 26
Training Epoch: 27
The best accuracy for epoch 27 is 98.4375%.
Testing Epoch: 27
Training Epoch: 28
The best accuracy for epoch 28 is 100.0%.
Testing Epoch: 28
Training Epoch: 29
The best accuracy for epoch 29 is 93.18181818181817%.
Testing Epoch: 29
Training Epoch: 30
The best accuracy for epoch 30 is 95.0%.
Testing Epoch: 30
Training Epoch: 31
The best accuracy for epoch 31 is 96.875%.
Testing Epoch: 31
Training Epoch: 32
The best accuracy for epoch 32 is 96.875%.
Testing Epoch: 32
Training Epoch: 33
The best accuracy for epoch 33 is 96.875%.
Testing Epoch: 33
Training Epoch: 34
The best accuracy for epoch 34 is 96.875%.
Testing Epoch: 34
Training Epoch: 35
The best accuracy for epoch 35 is 95.53571428571429%.
Testing Epoch: 35
Training Epoch: 36
The best accuracy for epoch 36 is 96.875%.
Testing Epoch: 36
Training Epoch: 37
The best accuracy for epoch 37 is 95.17045454545455%.
Testing Epoch: 37
Training Epoch: 38
The best accuracy for epoch 38 is 95.13888888888889%.
Testing Epoch: 38
Training Epoch: 39
The best accuracy for epoch 39 is 96.875%.
Testing Epoch: 39
Training Epoch: 40
The best accuracy for epoch 40 is 98.95833333333334%.
Testing Epoch: 40
Training Epoch: 41
The best accuracy for epoch 41 is 95.41666666666667%.
Testing Epoch: 41
Training Epoch: 42
The best accuracy for epoch 42 is 95.47657512116317%.
Testing Epoch: 42
Training Epoch: 43
The best accuracy for epoch 43 is 96.875%.
Testing Epoch: 43
Training Epoch: 44
The best accuracy for epoch 44 is 95.57291666666666%.
Testing Epoch: 44
Training Epoch: 45
The best accuracy for epoch 45 is 100.0%.
Testing Epoch: 45
Training Epoch: 46
The best accuracy for epoch 46 is 98.4375%.
Testing Epoch: 46
Training Epoch: 47
The best accuracy for epoch 47 is 100.0%.
Testing Epoch: 47
Training Epoch: 48
The best accuracy for epoch 48 is 100.0%.
Testing Epoch: 48
Training Epoch: 49
The best accuracy for epoch 49 is 98.125%.
Testing Epoch: 49
Training Epoch: 50
The best accuracy for epoch 50 is 100.0%.
Testing Epoch: 50
The top train accuracy is among 50 epochs is 100.0%.
The top test accuracy is among 50 epochs is 96.875%.
{'train_losses': [66.48630744218826, 34.67809772491455, 30.32612505555153, 27.59905180335045, 27.995392560958862, 26.319649577140808, 25.370256543159485, 23.657862901687622, 24.15106987953186, 24.76130336523056, 19.923052549362183, 18.381935477256775, 15.25067800283432, 19.497602805495262, 23.359547466039658, 16.92494384944439, 14.48237244784832, 10.248399809002876, 9.74424471706152, 11.83288161456585, 7.55745929479599, 11.878208868205547, 7.008901979774237, 8.633111126720905, 6.695621781051159, 8.148660600185394, 6.18297628313303, 8.636715836822987, 7.146160405129194, 6.216395441442728, 5.697552058845758, 6.338717449456453, 5.757253661751747, 5.371828280389309, 5.664920628070831, 4.749300389550626, 6.428492497652769, 4.838953372091055, 5.792228762060404, 5.726005546748638, 6.045796664431691, 5.426409928128123, 4.576579154469073, 5.6757507268339396, 5.447165604680777, 4.619280703365803, 4.489182876423001, 4.337179953232408, 4.575974628329277, 4.270911472849548], 'top_train_accuracies': [52.827140549273025, 64.0625, 65.625, 64.20454545454545, 62.5, 64.0625, 63.166397415185784, 84.375, 71.875, 87.5, 79.01785714285714, 85.71428571428571, 84.375, 87.5, 80.20833333333334, 81.50337837837837, 84.5718901453958, 92.79891304347827, 93.75, 96.875, 93.10661764705883, 91.875, 94.16666666666667, 93.75, 95.3125, 92.82407407407408, 98.4375, 100.0, 93.18181818181817, 95.0, 96.875, 96.875, 96.875, 96.875, 95.53571428571429, 96.875, 95.17045454545455, 95.13888888888889, 96.875, 98.95833333333334, 95.41666666666667, 95.47657512116317, 96.875, 95.57291666666666, 100.0, 98.4375, 100.0, 100.0, 98.125, 100.0], 'test_losses': [3.5541422963142395, 3.610079765319824, 5.825319528579712, 3.6225642561912537, 3.7743197083473206, 5.360414028167725, 2.937087833881378, 4.953617632389069, 3.2695977687835693, 3.294075667858124, 5.0662118792533875, 2.835216701030731, 1.6885965317487717, 9.613790512084961, 3.7866873145103455, 7.160732269287109, 3.8827739357948303, 3.1720412969589233, 1.3134876191616058, 1.5990971326828003, 1.6883878111839294, 2.729979068040848, 1.2545876652002335, 5.952585160732269, 4.4899022579193115, 0.9242870062589645, 0.9341520816087723, 2.612856864929199, 0.7136933654546738, 2.254155158996582, 4.759120762348175, 0.5021170554682612, 0.9692667871713638, 0.5580748431384563, 0.377722954377532, 6.777261734008789, 1.9437790215015411, 7.254115700721741, 0.5351150929927826, 1.1355624794960022, 0.6096195839345455, 1.217568762600422, 0.5974606983363628, 5.9543076157569885, 4.926245927810669, 1.974815547466278, 2.8619071692228317, 0.6856619343161583, 1.6286900043487549, 1.973948359489441], 'top_test_accuracies': [59.375, 53.125, 56.25, 50.0, 51.5625, 62.5, 81.25, 50.78125, 81.25, 65.625, 50.78125, 100.0, 84.375, 53.125, 50.0, 48.95833333333333, 56.25, 59.42028985507246, 91.30434782608695, 87.5, 90.625, 71.875, 89.13043478260869, 62.5, 51.5625, 93.75, 96.875, 71.875, 96.875, 75.0, 65.21739130434783, 96.875, 96.875, 100.0, 100.0, 67.1875, 89.0625, 51.5625, 100.0, 87.5, 94.92753623188406, 100.0, 95.65217391304348, 68.75, 70.3125, 92.96875, 78.26086956521739, 93.75, 90.625, 78.125], 'train_times': [35.757259217, 35.577258526, 35.695918378, 35.794122974, 35.857059028, 35.874951603, 35.842702674, 35.862830928, 35.901212021, 35.892080815, 35.884369329, 35.884796563, 35.85725984, 35.853603648, 35.813746436, 35.826334419, 35.789353797, 35.788273292, 35.783658299, 35.759169808, 35.756967617, 35.750857573, 35.739226816, 35.736826001, 35.725876071, 35.701783741, 35.695496428, 35.687304599, 35.684983371, 35.677801404, 35.670317787, 35.656816867, 35.682030368, 35.704927853, 35.680577654, 35.679200053, 35.637793123, 35.625036295, 35.616237776, 35.602635495, 35.577791496, 35.574595937, 35.568906215, 35.56091468, 35.547822156, 35.553156839, 35.552627375, 35.546799823, 35.530648441, 35.538634801], 'test_times': [1.190558327, 1.191558122, 1.191943521, 1.193150416, 1.194369553, 1.193735961, 1.193583032, 1.19422602, 1.193495653, 1.193799486, 1.193668692, 1.19386246, 1.194012041, 1.194363349, 1.19419704, 1.194377369, 1.194118412, 1.193766575, 1.193729222, 1.193857719, 1.19354034, 1.192704507, 1.19319596, 1.193545604, 1.193284466, 1.19365641, 1.194501729, 1.1931362, 1.193659333, 1.193090661, 1.193416548, 1.193492599, 1.194194592, 1.193435137, 1.194141178, 1.1935657, 1.192854106, 1.194037972, 1.193177323, 1.192312153, 1.19319475, 1.193542031, 1.192572972, 1.192886216, 1.192653865, 1.193273994, 1.192615652, 1.19264097, 1.193240176, 1.193487523]}
