Running with optimizer adagrad and with augmentation HorizontalFlip
Training Epoch: 1
The best accuracy for epoch 1 is 60.500807754442654%.
Testing Epoch: 1
Training Epoch: 2
The best accuracy for epoch 2 is 90.625%.
Testing Epoch: 2
Training Epoch: 3
The best accuracy for epoch 3 is 56.25%.
Testing Epoch: 3
Training Epoch: 4
The best accuracy for epoch 4 is 66.40625%.
Testing Epoch: 4
Training Epoch: 5
The best accuracy for epoch 5 is 72.7195945945946%.
Testing Epoch: 5
Training Epoch: 6
The best accuracy for epoch 6 is 92.43421052631578%.
Testing Epoch: 6
Training Epoch: 7
The best accuracy for epoch 7 is 93.06640625%.
Testing Epoch: 7
Training Epoch: 8
The best accuracy for epoch 8 is 96.71875%.
Testing Epoch: 8
Training Epoch: 9
The best accuracy for epoch 9 is 97.8515625%.
Testing Epoch: 9
Training Epoch: 10
The best accuracy for epoch 10 is 98.4375%.
Testing Epoch: 10
Training Epoch: 11
The best accuracy for epoch 11 is 97.91666666666666%.
Testing Epoch: 11
Training Epoch: 12
The best accuracy for epoch 12 is 95.96122778675283%.
Testing Epoch: 12
Training Epoch: 13
The best accuracy for epoch 13 is 100.0%.
Testing Epoch: 13
Training Epoch: 14
The best accuracy for epoch 14 is 100.0%.
Testing Epoch: 14
Training Epoch: 15
The best accuracy for epoch 15 is 98.4375%.
Testing Epoch: 15
Training Epoch: 16
The best accuracy for epoch 16 is 97.32142857142857%.
Testing Epoch: 16
Training Epoch: 17
The best accuracy for epoch 17 is 95.3125%.
Testing Epoch: 17
Training Epoch: 18
The best accuracy for epoch 18 is 91.92245557350566%.
Testing Epoch: 18
Training Epoch: 19
The best accuracy for epoch 19 is 100.0%.
Testing Epoch: 19
Training Epoch: 20
The best accuracy for epoch 20 is 100.0%.
Testing Epoch: 20
Training Epoch: 21
The best accuracy for epoch 21 is 100.0%.
Testing Epoch: 21
Training Epoch: 22
The best accuracy for epoch 22 is 98.59375%.
Testing Epoch: 22
Training Epoch: 23
The best accuracy for epoch 23 is 99.33035714285714%.
Testing Epoch: 23
Training Epoch: 24
The best accuracy for epoch 24 is 80.50986842105263%.
Testing Epoch: 24
Training Epoch: 25
The best accuracy for epoch 25 is 95.79967689822294%.
Testing Epoch: 25
Training Epoch: 26
The best accuracy for epoch 26 is 97.98061389337641%.
Testing Epoch: 26
Training Epoch: 27
The best accuracy for epoch 27 is 100.0%.
Testing Epoch: 27
Training Epoch: 28
The best accuracy for epoch 28 is 86.02584814216479%.
Testing Epoch: 28
Training Epoch: 29
The best accuracy for epoch 29 is 100.0%.
Testing Epoch: 29
Training Epoch: 30
The best accuracy for epoch 30 is 100.0%.
Testing Epoch: 30
Training Epoch: 31
The best accuracy for epoch 31 is 100.0%.
Testing Epoch: 31
Training Epoch: 32
The best accuracy for epoch 32 is 99.609375%.
Testing Epoch: 32
Training Epoch: 33
The best accuracy for epoch 33 is 98.4375%.
Testing Epoch: 33
Training Epoch: 34
The best accuracy for epoch 34 is 100.0%.
Testing Epoch: 34
Training Epoch: 35
The best accuracy for epoch 35 is 98.6328125%.
Testing Epoch: 35
Training Epoch: 36
The best accuracy for epoch 36 is 98.95833333333334%.
Testing Epoch: 36
Training Epoch: 37
The best accuracy for epoch 37 is 98.62681744749597%.
Testing Epoch: 37
Training Epoch: 38
The best accuracy for epoch 38 is 100.0%.
Testing Epoch: 38
Training Epoch: 39
The best accuracy for epoch 39 is 100.0%.
Testing Epoch: 39
Training Epoch: 40
The best accuracy for epoch 40 is 100.0%.
Testing Epoch: 40
Training Epoch: 41
The best accuracy for epoch 41 is 100.0%.
Testing Epoch: 41
Training Epoch: 42
The best accuracy for epoch 42 is 99.21875%.
Testing Epoch: 42
Training Epoch: 43
The best accuracy for epoch 43 is 100.0%.
Testing Epoch: 43
Training Epoch: 44
The best accuracy for epoch 44 is 100.0%.
Testing Epoch: 44
Training Epoch: 45
The best accuracy for epoch 45 is 99.375%.
Testing Epoch: 45
Training Epoch: 46
The best accuracy for epoch 46 is 99.19224555735056%.
Testing Epoch: 46
Training Epoch: 47
The best accuracy for epoch 47 is 100.0%.
Testing Epoch: 47
Training Epoch: 48
The best accuracy for epoch 48 is 99.39516129032258%.
Testing Epoch: 48
Training Epoch: 49
The best accuracy for epoch 49 is 96.46381578947368%.
Testing Epoch: 49
Training Epoch: 50
The best accuracy for epoch 50 is 99.04513888888889%.
Testing Epoch: 50
The top train accuracy is among 50 epochs is 100.0%.
The top test accuracy is among 50 epochs is 100.0%.
{'train_losses': [58.15233804285526, 20.81377886980772, 31.43058431148529, 28.339329689741135, 21.11393052339554, 9.586645539849997, 9.372457504272461, 4.72354678157717, 6.481738593429327, 5.081082105636597, 5.329867934808135, 5.331014633178711, 4.67061323300004, 3.9249592181295156, 4.410336936824024, 14.29897208372131, 26.603638231754303, 8.960638992488384, 4.518794048577547, 3.244609565474093, 3.2914367634803057, 6.52478879224509, 17.356436604633927, 16.150278322398663, 5.818027190864086, 2.7685911767184734, 16.20330208214, 13.21868284419179, 5.9474752098321915, 4.157600501552224, 3.1580879455432296, 2.8805834352970123, 2.4172925977036357, 2.4512881881091744, 2.999961509834975, 2.568034327123314, 2.140889416448772, 2.174456410109997, 1.5447263354435563, 1.7138068713247776, 3.3565151784569025, 1.3960011466406286, 1.744225470814854, 1.6472124611027539, 1.3191258129663765, 1.0454188524745405, 1.086987740243785, 1.657764040515758, 4.600446257740259, 1.6186993322335184], 'top_train_accuracies': [60.500807754442654, 90.625, 56.25, 66.40625, 72.7195945945946, 92.43421052631578, 93.06640625, 96.71875, 97.8515625, 98.4375, 97.91666666666666, 95.96122778675283, 100.0, 100.0, 98.4375, 97.32142857142857, 95.3125, 91.92245557350566, 100.0, 100.0, 100.0, 98.59375, 99.33035714285714, 80.50986842105263, 95.79967689822294, 97.98061389337641, 100.0, 86.02584814216479, 100.0, 100.0, 100.0, 99.609375, 98.4375, 100.0, 98.6328125, 98.95833333333334, 98.62681744749597, 100.0, 100.0, 100.0, 100.0, 99.21875, 100.0, 100.0, 99.375, 99.19224555735056, 100.0, 99.39516129032258, 96.46381578947368, 99.04513888888889], 'test_losses': [3.746858537197113, 9.597745776176453, 3.5724122524261475, 3.5478618144989014, 31.56743335723877, 7.89364218711853, 4.460745602846146, 4.550968647003174, 9.10216236114502, 1.2641763240098953, 16.406104803085327, 5.410505950450897, 4.929611504077911, 5.979052305221558, 1.7834267020225525, 47.12757205963135, 7.10117495059967, 0.7390067428350449, 8.201467633247375, 8.217879176139832, 2.8071726858615875, 0.4584082141518593, 4.638381719589233, 4.324520230293274, 0.8402958512306213, 0.8824417591094971, 10.112133979797363, 0.8266815915703773, 4.7671685218811035, 0.2522196155041456, 6.114140808582306, 0.36678938567638397, 0.239369235932827, 19.306062936782837, 22.4733624458313, 8.175994515419006, 0.31509241461753845, 1.1675335466861725, 0.10435971058905125, 0.23609713837504387, 0.31265399791300297, 0.14461874682456255, 0.4410974010825157, 0.8247323334217072, 0.1405695676803589, 0.031173482770100236, 0.1647884864360094, 47.30465126037598, 0.42857201397418976, 0.07589769409969449], 'top_test_accuracies': [53.125, 62.5, 59.375, 62.5, 56.25, 40.625, 68.11594202898551, 56.25, 50.78125, 93.75, 51.041666666666664, 53.125, 51.5625, 52.083333333333336, 93.75, 50.0, 56.25, 100.0, 50.0, 52.083333333333336, 65.625, 97.82608695652173, 51.5625, 56.25, 96.875, 100.0, 56.25, 96.875, 65.625, 100.0, 54.6875, 100.0, 99.27536231884058, 57.971014492753625, 65.625, 59.375, 100.0, 91.40625, 100.0, 100.0, 100.0, 100.0, 100.0, 100.0, 98.95833333333334, 100.0, 100.0, 50.0, 97.82608695652173, 100.0], 'train_times': [31.206060467, 31.055463549, 31.090289111, 31.072005541, 31.067952551, 31.067588277, 31.069754919, 31.046660878, 31.01498111, 30.977152931, 30.960999873, 30.956760318, 30.959420467, 30.910424075, 30.898162396, 30.901980582, 30.867538242, 30.843964065, 30.832732112, 30.836122637, 30.832158258, 30.841720339, 30.836948596, 30.828726685, 30.823401801, 30.815401892, 30.80929733, 30.795709642, 30.78676414, 30.792699775, 30.791985406, 30.788710633, 30.78201295, 30.782031355, 30.777982615, 30.767583842, 30.763062322, 30.774053666, 30.78908597, 30.781209529, 30.794159389, 30.788596459, 30.790367125, 30.78037687, 30.761138866, 30.762718313, 30.759726346, 30.759856634, 30.767724003, 30.761422117], 'test_times': [1.008940324, 1.010611043, 1.009590424, 1.010463956, 1.010643954, 1.011342597, 1.011313605, 1.010081556, 1.010109979, 1.010185472, 1.010135013, 1.009702865, 1.009713062, 1.010399863, 1.009891163, 1.010113493, 1.010032302, 1.009981247, 1.009903846, 1.009675895, 1.009656111, 1.009768698, 1.009561693, 1.009494945, 1.009256281, 1.00973951, 1.009627781, 1.009386665, 1.009612771, 1.009992199, 1.009714888, 1.009893312, 1.008872193, 1.009270655, 1.009829779, 1.009597653, 1.009701793, 1.010080713, 1.012176953, 1.009789989, 1.010240262, 1.010027094, 1.010010421, 1.009372361, 1.009613806, 1.010019601, 1.01001852, 1.009883241, 1.009586915, 1.010182247]}
