Running with optimizer adagrad and with augmentation VerticalFlip
Training Epoch: 1
The best accuracy for epoch 1 is 50.87890625%.
Testing Epoch: 1
Training Epoch: 2
The best accuracy for epoch 2 is 76.25%.
Testing Epoch: 2
Training Epoch: 3
The best accuracy for epoch 3 is 95.83333333333334%.
Testing Epoch: 3
Training Epoch: 4
The best accuracy for epoch 4 is 95.3125%.
Testing Epoch: 4
Training Epoch: 5
The best accuracy for epoch 5 is 94.79166666666666%.
Testing Epoch: 5
Training Epoch: 6
The best accuracy for epoch 6 is 96.875%.
Testing Epoch: 6
Training Epoch: 7
The best accuracy for epoch 7 is 94.58804523424878%.
Testing Epoch: 7
Training Epoch: 8
The best accuracy for epoch 8 is 100.0%.
Testing Epoch: 8
Training Epoch: 9
The best accuracy for epoch 9 is 98.95833333333334%.
Testing Epoch: 9
Training Epoch: 10
The best accuracy for epoch 10 is 98.66071428571429%.
Testing Epoch: 10
Training Epoch: 11
The best accuracy for epoch 11 is 97.83653846153845%.
Testing Epoch: 11
Training Epoch: 12
The best accuracy for epoch 12 is 94.18416801292408%.
Testing Epoch: 12
Training Epoch: 13
The best accuracy for epoch 13 is 97.91666666666666%.
Testing Epoch: 13
Training Epoch: 14
The best accuracy for epoch 14 is 98.21428571428571%.
Testing Epoch: 14
Training Epoch: 15
The best accuracy for epoch 15 is 98.95833333333334%.
Testing Epoch: 15
Training Epoch: 16
The best accuracy for epoch 16 is 98.02631578947368%.
Testing Epoch: 16
Training Epoch: 17
The best accuracy for epoch 17 is 98.75%.
Testing Epoch: 17
Training Epoch: 18
The best accuracy for epoch 18 is 99.47916666666666%.
Testing Epoch: 18
Training Epoch: 19
The best accuracy for epoch 19 is 98.4375%.
Testing Epoch: 19
Training Epoch: 20
The best accuracy for epoch 20 is 100.0%.
Testing Epoch: 20
Training Epoch: 21
The best accuracy for epoch 21 is 100.0%.
Testing Epoch: 21
Training Epoch: 22
The best accuracy for epoch 22 is 100.0%.
Testing Epoch: 22
Training Epoch: 23
The best accuracy for epoch 23 is 100.0%.
Testing Epoch: 23
Training Epoch: 24
The best accuracy for epoch 24 is 98.125%.
Testing Epoch: 24
Training Epoch: 25
The best accuracy for epoch 25 is 100.0%.
Testing Epoch: 25
Training Epoch: 26
The best accuracy for epoch 26 is 98.4375%.
Testing Epoch: 26
Training Epoch: 27
The best accuracy for epoch 27 is 100.0%.
Testing Epoch: 27
Training Epoch: 28
The best accuracy for epoch 28 is 100.0%.
Testing Epoch: 28
Training Epoch: 29
The best accuracy for epoch 29 is 99.21875%.
Testing Epoch: 29
Training Epoch: 30
The best accuracy for epoch 30 is 98.875%.
Testing Epoch: 30
Training Epoch: 31
The best accuracy for epoch 31 is 100.0%.
Testing Epoch: 31
Training Epoch: 32
The best accuracy for epoch 32 is 75.52504038772213%.
Testing Epoch: 32
Training Epoch: 33
The best accuracy for epoch 33 is 100.0%.
Testing Epoch: 33
Training Epoch: 34
The best accuracy for epoch 34 is 100.0%.
Testing Epoch: 34
Training Epoch: 35
The best accuracy for epoch 35 is 100.0%.
Testing Epoch: 35
Training Epoch: 36
The best accuracy for epoch 36 is 100.0%.
Testing Epoch: 36
Training Epoch: 37
The best accuracy for epoch 37 is 100.0%.
Testing Epoch: 37
Training Epoch: 38
The best accuracy for epoch 38 is 98.46526655896606%.
Testing Epoch: 38
Training Epoch: 39
The best accuracy for epoch 39 is 100.0%.
Testing Epoch: 39
Training Epoch: 40
The best accuracy for epoch 40 is 100.0%.
Testing Epoch: 40
Training Epoch: 41
The best accuracy for epoch 41 is 98.4375%.
Testing Epoch: 41
Training Epoch: 42
The best accuracy for epoch 42 is 100.0%.
Testing Epoch: 42
Training Epoch: 43
The best accuracy for epoch 43 is 98.79807692307693%.
Testing Epoch: 43
Training Epoch: 44
The best accuracy for epoch 44 is 100.0%.
Testing Epoch: 44
Training Epoch: 45
The best accuracy for epoch 45 is 100.0%.
Testing Epoch: 45
Training Epoch: 46
The best accuracy for epoch 46 is 100.0%.
Testing Epoch: 46
Training Epoch: 47
The best accuracy for epoch 47 is 98.51973684210526%.
Testing Epoch: 47
Training Epoch: 48
The best accuracy for epoch 48 is 98.828125%.
Testing Epoch: 48
Training Epoch: 49
The best accuracy for epoch 49 is 100.0%.
Testing Epoch: 49
Training Epoch: 50
The best accuracy for epoch 50 is 100.0%.
Testing Epoch: 50
The top train accuracy is among 50 epochs is 100.0%.
The top test accuracy is among 50 epochs is 100.0%.
{'train_losses': [65.67922049760818, 23.014563612639904, 10.879524536430836, 22.560312263667583, 12.549694273620844, 7.573217326775193, 7.0234394967556, 6.339178202673793, 5.639058254659176, 8.469712387770414, 6.868695858865976, 6.279390716925263, 3.2565212789922953, 3.7357253869995475, 3.3557390989735723, 3.1647776244208217, 3.148282390087843, 2.8917331472039223, 3.7012993805110455, 3.0756092444062233, 3.0629376098513603, 2.698052702937275, 2.5654022293165326, 2.8276027720421553, 2.5262646060436964, 3.0284438440576196, 2.394393192604184, 2.7857608441263437, 2.3070386019535363, 2.150190911721438, 32.163761707022786, 15.75402464158833, 3.3610617043450475, 3.1861269902437925, 2.986564620397985, 2.8860491877421737, 2.707509120926261, 2.4396531730890274, 1.8121464913710952, 1.5740352743305266, 5.4110590768978, 2.536773587577045, 2.1184653118252754, 1.8883544346317649, 2.399996218737215, 1.9974439959041774, 2.901998466346413, 1.807281302753836, 2.1723820860497653, 1.8785992157645524], 'top_train_accuracies': [50.87890625, 76.25, 95.83333333333334, 95.3125, 94.79166666666666, 96.875, 94.58804523424878, 100.0, 98.95833333333334, 98.66071428571429, 97.83653846153845, 94.18416801292408, 97.91666666666666, 98.21428571428571, 98.95833333333334, 98.02631578947368, 98.75, 99.47916666666666, 98.4375, 100.0, 100.0, 100.0, 100.0, 98.125, 100.0, 98.4375, 100.0, 100.0, 99.21875, 98.875, 100.0, 75.52504038772213, 100.0, 100.0, 100.0, 100.0, 100.0, 98.46526655896606, 100.0, 100.0, 98.4375, 100.0, 98.79807692307693, 100.0, 100.0, 100.0, 98.51973684210526, 98.828125, 100.0, 100.0], 'test_losses': [5.121920645236969, 7.298160672187805, 6.600892186164856, 2.607217639684677, 6.381583988666534, 22.895496368408203, 8.376328110694885, 3.1609481871128082, 7.513283133506775, 10.925047874450684, 54.84331703186035, 7.069031596183777, 6.76315712928772, 3.0627544224262238, 5.343355894088745, 1.327078104019165, 7.5128209590911865, 7.778981804847717, 0.6532016843557358, 5.356785237789154, 1.1662192046642303, 6.020439445972443, 7.350923657417297, 0.4372118264436722, 0.2016766145825386, 0.21371127292513847, 0.16930878814309835, 5.628761112689972, 12.012881219387054, 6.765943288803101, 3.6554970145225525, 6.437643766403198, 6.057441711425781, 1.839049756526947, 0.15817960910499096, 8.823396921157837, 1.2114040479063988, 11.050060510635376, 6.513510525226593, 4.227172255516052, 3.5933420062065125, 4.872188627719879, 1.4820916801691055, 0.9221577346324921, 32.81468749046326, 14.156470656394958, 3.4082996528595686, 11.796286344528198, 11.487940669059753, 0.15220832079648972], 'top_test_accuracies': [59.375, 59.375, 51.5625, 68.75, 51.5625, 64.0625, 50.0, 63.04347826086957, 51.5625, 51.5625, 50.0, 56.25, 50.0, 82.29166666666666, 53.125, 100.0, 52.083333333333336, 54.6875, 97.91666666666666, 50.0, 96.875, 50.0, 51.5625, 96.875, 99.27536231884058, 100.0, 100.0, 65.625, 50.0, 54.166666666666664, 53.125, 50.0, 59.375, 60.9375, 100.0, 50.0, 96.875, 52.083333333333336, 53.125, 57.971014492753625, 60.9375, 56.25, 93.75, 100.0, 65.625, 62.5, 84.05797101449275, 52.083333333333336, 62.5, 99.27536231884058], 'train_times': [31.272611112, 31.021340516, 31.050995126, 31.067019781, 31.064262531, 31.103060504, 31.114168556, 31.093668806, 31.088558087, 31.132191716, 31.16711739, 31.11634955, 31.115486492, 31.138506459, 31.066300654, 31.093914955, 31.09560142, 31.117725903, 31.058761333, 31.111010763, 31.087059712, 31.069125004, 31.170802302, 31.193521115, 31.204376545, 31.193310552, 31.171654443, 31.165876903, 31.155412169, 31.158052955, 31.158468986, 31.179002884, 31.166047159, 31.167572839, 31.134381542, 31.148324185, 31.157521665, 31.128159399, 31.145340943, 31.139409679, 31.112294702, 31.116156151, 31.071218043, 31.065163635, 31.060854849, 31.067506094, 31.070403955, 31.067462998, 31.085480383, 31.097377126], 'test_times': [1.033836957, 1.033700826, 1.026100427, 1.03674836, 1.031440807, 1.028249288, 1.032519732, 1.029713364, 1.027239262, 1.035488662, 1.03555693, 1.036533343, 1.036104251, 1.036444079, 1.036078902, 1.029310177, 1.033443287, 1.037446825, 1.037639415, 1.034437263, 1.026341193, 1.029725613, 1.035581681, 1.033067408, 1.03182628, 1.032395859, 1.031478792, 1.028020007, 1.036371188, 1.035419962, 1.033910646, 1.037874101, 1.03500205, 1.034963342, 1.032724377, 1.035418877, 1.034863561, 1.034786855, 1.034094032, 1.034201634, 1.033931704, 1.033302961, 1.033744213, 1.033774802, 1.033633074, 1.035367756, 1.034191168, 1.033942684, 1.034697185, 1.044584751]}
