Running with optimizer adagrad and with augmentation VerticalFlip
Training Epoch: 1
The training accuracy for epoch 1 is 51.37318255250404%.
Testing Epoch: 1
The testing accuracy for epoch 1 is 50.0%.
Training Epoch: 2
The training accuracy for epoch 2 is 53.55411954765751%.
Testing Epoch: 2
The testing accuracy for epoch 2 is 49.275362318840585%.
Training Epoch: 3
The training accuracy for epoch 3 is 52.4232633279483%.
Testing Epoch: 3
The testing accuracy for epoch 3 is 49.275362318840585%.
Training Epoch: 4
The training accuracy for epoch 4 is 57.67366720516963%.
Testing Epoch: 4
The testing accuracy for epoch 4 is 56.52173913043478%.
Training Epoch: 5
The training accuracy for epoch 5 is 52.019386106623585%.
Testing Epoch: 5
The testing accuracy for epoch 5 is 59.42028985507246%.
Training Epoch: 6
The training accuracy for epoch 6 is 53.47334410339257%.
Testing Epoch: 6
The testing accuracy for epoch 6 is 53.62318840579711%.
Training Epoch: 7
The training accuracy for epoch 7 is 52.66558966074314%.
Testing Epoch: 7
The testing accuracy for epoch 7 is 60.86956521739131%.
Training Epoch: 8
The training accuracy for epoch 8 is 52.746365105008074%.
Testing Epoch: 8
The testing accuracy for epoch 8 is 57.2463768115942%.
Training Epoch: 9
The training accuracy for epoch 9 is 55.16962843295639%.
Testing Epoch: 9
The testing accuracy for epoch 9 is 57.2463768115942%.
Training Epoch: 10
The training accuracy for epoch 10 is 54.523424878836835%.
Testing Epoch: 10
The testing accuracy for epoch 10 is 59.42028985507246%.
Training Epoch: 11
The training accuracy for epoch 11 is 57.592891760904685%.
Testing Epoch: 11
The testing accuracy for epoch 11 is 51.449275362318836%.
Training Epoch: 12
The training accuracy for epoch 12 is 55.00807754442649%.
Testing Epoch: 12
The testing accuracy for epoch 12 is 61.59420289855072%.
Training Epoch: 13
The training accuracy for epoch 13 is 52.34248788368336%.
Testing Epoch: 13
The testing accuracy for epoch 13 is 52.17391304347826%.
Training Epoch: 14
The training accuracy for epoch 14 is 53.31179321486268%.
Testing Epoch: 14
The testing accuracy for epoch 14 is 50.72463768115942%.
Training Epoch: 15
The training accuracy for epoch 15 is 54.20032310177706%.
Testing Epoch: 15
The testing accuracy for epoch 15 is 66.66666666666666%.
Training Epoch: 16
The training accuracy for epoch 16 is 54.03877221324718%.
Testing Epoch: 16
The testing accuracy for epoch 16 is 61.59420289855072%.
Training Epoch: 17
The training accuracy for epoch 17 is 55.33117932148627%.
Testing Epoch: 17
The testing accuracy for epoch 17 is 60.86956521739131%.
Training Epoch: 18
The training accuracy for epoch 18 is 53.7156704361874%.
Testing Epoch: 18
The testing accuracy for epoch 18 is 58.69565217391305%.
Training Epoch: 19
The training accuracy for epoch 19 is 55.41195476575121%.
Testing Epoch: 19
The testing accuracy for epoch 19 is 61.59420289855072%.
Training Epoch: 20
The training accuracy for epoch 20 is 54.84652665589661%.
Testing Epoch: 20
The testing accuracy for epoch 20 is 52.89855072463768%.
Training Epoch: 21
The training accuracy for epoch 21 is 53.150242326332794%.
Testing Epoch: 21
The testing accuracy for epoch 21 is 60.14492753623188%.
Training Epoch: 22
The training accuracy for epoch 22 is 53.63489499192246%.
Testing Epoch: 22
The testing accuracy for epoch 22 is 50.0%.
Training Epoch: 23
The training accuracy for epoch 23 is 52.827140549273025%.
Testing Epoch: 23
The testing accuracy for epoch 23 is 50.0%.
Training Epoch: 24
The training accuracy for epoch 24 is 54.60420032310178%.
Testing Epoch: 24
The testing accuracy for epoch 24 is 59.42028985507246%.
Training Epoch: 25
The training accuracy for epoch 25 is 54.44264943457189%.
Testing Epoch: 25
The testing accuracy for epoch 25 is 60.86956521739131%.
Training Epoch: 26
The training accuracy for epoch 26 is 56.62358642972536%.
Testing Epoch: 26
The testing accuracy for epoch 26 is 60.14492753623188%.
Training Epoch: 27
The training accuracy for epoch 27 is 55.08885298869144%.
Testing Epoch: 27
The testing accuracy for epoch 27 is 55.79710144927537%.
Training Epoch: 28
The training accuracy for epoch 28 is 58.07754442649434%.
Testing Epoch: 28
The testing accuracy for epoch 28 is 58.69565217391305%.
Training Epoch: 29
The training accuracy for epoch 29 is 55.00807754442649%.
Testing Epoch: 29
The testing accuracy for epoch 29 is 52.89855072463768%.
Training Epoch: 30
The training accuracy for epoch 30 is 55.73505654281099%.
Testing Epoch: 30
The testing accuracy for epoch 30 is 55.79710144927537%.
Training Epoch: 31
The training accuracy for epoch 31 is 53.06946688206785%.
Testing Epoch: 31
The testing accuracy for epoch 31 is 55.79710144927537%.
Training Epoch: 32
The training accuracy for epoch 32 is 53.06946688206785%.
Testing Epoch: 32
The testing accuracy for epoch 32 is 64.4927536231884%.
Training Epoch: 33
The training accuracy for epoch 33 is 55.73505654281099%.
Testing Epoch: 33
The testing accuracy for epoch 33 is 56.52173913043478%.
Training Epoch: 34
The training accuracy for epoch 34 is 54.523424878836835%.
Testing Epoch: 34
The testing accuracy for epoch 34 is 50.72463768115942%.
Training Epoch: 35
The training accuracy for epoch 35 is 55.815831987075924%.
Testing Epoch: 35
The testing accuracy for epoch 35 is 53.62318840579711%.
Training Epoch: 36
The training accuracy for epoch 36 is 55.33117932148627%.
Testing Epoch: 36
The testing accuracy for epoch 36 is 59.42028985507246%.
Training Epoch: 37
The training accuracy for epoch 37 is 51.050080775444265%.
Testing Epoch: 37
The testing accuracy for epoch 37 is 58.69565217391305%.
Training Epoch: 38
The training accuracy for epoch 38 is 56.38126009693053%.
Testing Epoch: 38
The testing accuracy for epoch 38 is 52.17391304347826%.
Training Epoch: 39
The training accuracy for epoch 39 is 55.896607431340875%.
Testing Epoch: 39
The testing accuracy for epoch 39 is 57.2463768115942%.
Training Epoch: 40
The training accuracy for epoch 40 is 56.70436187399031%.
Testing Epoch: 40
The testing accuracy for epoch 40 is 61.59420289855072%.
Training Epoch: 41
The training accuracy for epoch 41 is 55.25040387722132%.
Testing Epoch: 41
The testing accuracy for epoch 41 is 54.347826086956516%.
Training Epoch: 42
The training accuracy for epoch 42 is 56.058158319870756%.
Testing Epoch: 42
The testing accuracy for epoch 42 is 58.69565217391305%.
Training Epoch: 43
The training accuracy for epoch 43 is 55.41195476575121%.
Testing Epoch: 43
The testing accuracy for epoch 43 is 59.42028985507246%.
Training Epoch: 44
The training accuracy for epoch 44 is 53.79644588045234%.
Testing Epoch: 44
The testing accuracy for epoch 44 is 54.347826086956516%.
Training Epoch: 45
The training accuracy for epoch 45 is 53.31179321486268%.
Testing Epoch: 45
The testing accuracy for epoch 45 is 59.42028985507246%.
Training Epoch: 46
The training accuracy for epoch 46 is 54.36187399030694%.
Testing Epoch: 46
The testing accuracy for epoch 46 is 52.89855072463768%.
Training Epoch: 47
The training accuracy for epoch 47 is 54.20032310177706%.
Testing Epoch: 47
The testing accuracy for epoch 47 is 58.69565217391305%.
Training Epoch: 48
The training accuracy for epoch 48 is 55.08885298869144%.
Testing Epoch: 48
The testing accuracy for epoch 48 is 52.17391304347826%.
Training Epoch: 49
The training accuracy for epoch 49 is 57.10823909531503%.
Testing Epoch: 49
The testing accuracy for epoch 49 is 59.42028985507246%.
Training Epoch: 50
The training accuracy for epoch 50 is 54.92730210016155%.
Testing Epoch: 50
The testing accuracy for epoch 50 is 60.14492753623188%.
The top train accuracy is among 50 epochs is 58.07754442649434%.
The top test accuracy is among 50 epochs is 54.92730210016155%.
{'train_losses': [10986953.200140238, 8942.673194885254, 6869.425354003906, 2479.7101135253906, 2794.839469909668, 1663.5693006515503, 1645.6056880950928, 1482.2505536079407, 1144.405032157898, 1537.4068584442139, 906.7275199890137, 769.4695422649384, 768.0342857837677, 640.1589303016663, 636.9735054969788, 432.38733196258545, 442.21417450904846, 789.13170337677, 414.1310484409332, 392.16667771339417, 467.98914313316345, 377.212521314621, 409.6591444015503, 381.1865005493164, 308.66462075710297, 281.1875911951065, 295.81990122795105, 245.64114570617676, 295.08846712112427, 252.48463714122772, 284.6640434265137, 298.1860331296921, 202.15239644050598, 218.0076897740364, 204.35485422611237, 259.69898200035095, 304.7701050043106, 211.79721146821976, 168.5368624329567, 193.48440766334534, 137.48562514781952, 198.46776413917542, 171.27874165773392, 156.4708930850029, 165.7669524550438, 156.47978508472443, 144.95461291074753, 141.45402163267136, 130.67994236946106, 139.22221302986145], 'train_accuracies': [51.37318255250404, 53.55411954765751, 52.4232633279483, 57.67366720516963, 52.019386106623585, 53.47334410339257, 52.66558966074314, 52.746365105008074, 55.16962843295639, 54.523424878836835, 57.592891760904685, 55.00807754442649, 52.34248788368336, 53.31179321486268, 54.20032310177706, 54.03877221324718, 55.33117932148627, 53.7156704361874, 55.41195476575121, 54.84652665589661, 53.150242326332794, 53.63489499192246, 52.827140549273025, 54.60420032310178, 54.44264943457189, 56.62358642972536, 55.08885298869144, 58.07754442649434, 55.00807754442649, 55.73505654281099, 53.06946688206785, 53.06946688206785, 55.73505654281099, 54.523424878836835, 55.815831987075924, 55.33117932148627, 51.050080775444265, 56.38126009693053, 55.896607431340875, 56.70436187399031, 55.25040387722132, 56.058158319870756, 55.41195476575121, 53.79644588045234, 53.31179321486268, 54.36187399030694, 54.20032310177706, 55.08885298869144, 57.10823909531503, 54.92730210016155], 'test_losses': [4990.1060791015625, 1673.235954284668, 818.1101379394531, 390.9867744445801, 201.8757667541504, 328.8949775695801, 71.74777126312256, 175.78937530517578, 52.90560007095337, 75.0670223236084, 174.3354377746582, 33.89221954345703, 63.19399929046631, 115.74892997741699, 64.2965350151062, 44.161991119384766, 46.03961229324341, 41.4565167427063, 27.231668949127197, 33.7292685508728, 17.996958017349243, 31.499836444854736, 39.81351184844971, 26.30174446105957, 15.655368089675903, 9.084717154502869, 45.77074432373047, 13.748797297477722, 38.50865650177002, 22.597896099090576, 30.009653091430664, 7.024008333683014, 18.222334146499634, 37.83897376060486, 28.98341679573059, 9.317551612854004, 9.031082570552826, 30.039307475090027, 10.334928154945374, 5.882420718669891, 11.909103989601135, 11.633429765701294, 15.263824701309204, 12.299657225608826, 14.183566689491272, 8.377625584602356, 6.700832784175873, 4.956124484539032, 12.720935583114624, 6.75672572851181], 'test_accuracies': [50.0, 49.275362318840585, 49.275362318840585, 56.52173913043478, 59.42028985507246, 53.62318840579711, 60.86956521739131, 57.2463768115942, 57.2463768115942, 59.42028985507246, 51.449275362318836, 61.59420289855072, 52.17391304347826, 50.72463768115942, 66.66666666666666, 61.59420289855072, 60.86956521739131, 58.69565217391305, 61.59420289855072, 52.89855072463768, 60.14492753623188, 50.0, 50.0, 59.42028985507246, 60.86956521739131, 60.14492753623188, 55.79710144927537, 58.69565217391305, 52.89855072463768, 55.79710144927537, 55.79710144927537, 64.4927536231884, 56.52173913043478, 50.72463768115942, 53.62318840579711, 59.42028985507246, 58.69565217391305, 52.17391304347826, 57.2463768115942, 61.59420289855072, 54.347826086956516, 58.69565217391305, 59.42028985507246, 54.347826086956516, 59.42028985507246, 52.89855072463768, 58.69565217391305, 52.17391304347826, 59.42028985507246, 60.14492753623188]}
