Running with optimizer Adam and with augmentation CenterCrop
Training Epoch: 1
The best accuracy for epoch 1 is 62.61574074074075%.
Testing Epoch: 1
Training Epoch: 2
The best accuracy for epoch 2 is 84.375%.
Testing Epoch: 2
Training Epoch: 3
The best accuracy for epoch 3 is 90.625%.
Testing Epoch: 3
Training Epoch: 4
The best accuracy for epoch 4 is 96.875%.
Testing Epoch: 4
Training Epoch: 5
The best accuracy for epoch 5 is 77.05977382875606%.
Testing Epoch: 5
Training Epoch: 6
The best accuracy for epoch 6 is 96.875%.
Testing Epoch: 6
Training Epoch: 7
The best accuracy for epoch 7 is 100.0%.
Testing Epoch: 7
Training Epoch: 8
The best accuracy for epoch 8 is 100.0%.
Testing Epoch: 8
Training Epoch: 9
The best accuracy for epoch 9 is 89.14473684210526%.
Testing Epoch: 9
Training Epoch: 10
The best accuracy for epoch 10 is 96.875%.
Testing Epoch: 10
Training Epoch: 11
The best accuracy for epoch 11 is 80.68181818181817%.
Testing Epoch: 11
Training Epoch: 12
The best accuracy for epoch 12 is 93.75%.
Testing Epoch: 12
Training Epoch: 13
The best accuracy for epoch 13 is 88.69143780290791%.
Testing Epoch: 13
Training Epoch: 14
The best accuracy for epoch 14 is 96.875%.
Testing Epoch: 14
Training Epoch: 15
The best accuracy for epoch 15 is 100.0%.
Testing Epoch: 15
Training Epoch: 16
The best accuracy for epoch 16 is 95.3125%.
Testing Epoch: 16
Training Epoch: 17
The best accuracy for epoch 17 is 96.875%.
Testing Epoch: 17
Training Epoch: 18
The best accuracy for epoch 18 is 88.125%.
Testing Epoch: 18
Training Epoch: 19
The best accuracy for epoch 19 is 85.62197092084006%.
Testing Epoch: 19
Training Epoch: 20
The best accuracy for epoch 20 is 96.875%.
Testing Epoch: 20
Training Epoch: 21
The best accuracy for epoch 21 is 59.375%.
Testing Epoch: 21
Training Epoch: 22
The best accuracy for epoch 22 is 65.11824324324324%.
Testing Epoch: 22
Training Epoch: 23
The best accuracy for epoch 23 is 86.02584814216479%.
Testing Epoch: 23
Training Epoch: 24
The best accuracy for epoch 24 is 96.09375%.
Testing Epoch: 24
Training Epoch: 25
The best accuracy for epoch 25 is 88.20678513731825%.
Testing Epoch: 25
Training Epoch: 26
The best accuracy for epoch 26 is 96.875%.
Testing Epoch: 26
Training Epoch: 27
The best accuracy for epoch 27 is 93.29563812600969%.
Testing Epoch: 27
Training Epoch: 28
The best accuracy for epoch 28 is 100.0%.
Testing Epoch: 28
Training Epoch: 29
The best accuracy for epoch 29 is 80.50986842105263%.
Testing Epoch: 29
Training Epoch: 30
The best accuracy for epoch 30 is 91.875%.
Testing Epoch: 30
Training Epoch: 31
The best accuracy for epoch 31 is 80.12924071082391%.
Testing Epoch: 31
Training Epoch: 32
The best accuracy for epoch 32 is 96.875%.
Testing Epoch: 32
Training Epoch: 33
The best accuracy for epoch 33 is 94.34571890145395%.
Testing Epoch: 33
Training Epoch: 34
The best accuracy for epoch 34 is 100.0%.
Testing Epoch: 34
Training Epoch: 35
The best accuracy for epoch 35 is 96.875%.
Testing Epoch: 35
Training Epoch: 36
The best accuracy for epoch 36 is 100.0%.
Testing Epoch: 36
Training Epoch: 37
The best accuracy for epoch 37 is 94.34571890145395%.
Testing Epoch: 37
Training Epoch: 38
The best accuracy for epoch 38 is 97.76785714285714%.
Testing Epoch: 38
Training Epoch: 39
The best accuracy for epoch 39 is 97.99107142857143%.
Testing Epoch: 39
Training Epoch: 40
The best accuracy for epoch 40 is 98.125%.
Testing Epoch: 40
Training Epoch: 41
The best accuracy for epoch 41 is 100.0%.
Testing Epoch: 41
Training Epoch: 42
The best accuracy for epoch 42 is 100.0%.
Testing Epoch: 42
Training Epoch: 43
The best accuracy for epoch 43 is 97.98387096774194%.
Testing Epoch: 43
Training Epoch: 44
The best accuracy for epoch 44 is 98.95833333333334%.
Testing Epoch: 44
Training Epoch: 45
The best accuracy for epoch 45 is 88.93376413570275%.
Testing Epoch: 45
Training Epoch: 46
The best accuracy for epoch 46 is 98.4375%.
Testing Epoch: 46
Training Epoch: 47
The best accuracy for epoch 47 is 97.65625%.
Testing Epoch: 47
Training Epoch: 48
The best accuracy for epoch 48 is 100.0%.
Testing Epoch: 48
Training Epoch: 49
The best accuracy for epoch 49 is 96.875%.
Testing Epoch: 49
Training Epoch: 50
The best accuracy for epoch 50 is 97.74305555555556%.
Testing Epoch: 50
The top train accuracy is among 50 epochs is 100.0%.
The top test accuracy is among 50 epochs is 88.69143780290791%.
{'train_losses': [47.66420875489712, 24.155373945832253, 21.636528089642525, 18.440423890948296, 19.936859473586082, 16.32993672043085, 7.751811493188143, 14.286599891260266, 18.61846048757434, 30.32258554548025, 23.4140927195549, 9.368603372946382, 11.669479362666607, 9.394961984828115, 5.945603171363473, 7.686280447989702, 13.178694102913141, 20.1617499217391, 16.015882655978203, 25.6882798448205, 30.709836423397064, 25.53063902258873, 14.277266789227724, 16.424320962280035, 13.012218410149217, 13.791237235069275, 8.005815993994474, 11.622337641194463, 19.36951418966055, 10.560208018869162, 18.727191898971796, 9.23260298371315, 6.469555679708719, 4.635274718515575, 5.107511609792709, 8.769673965871334, 6.103725127875805, 5.530230399221182, 4.466968221589923, 5.335545169189572, 4.242575369309634, 3.789056341163814, 3.3865483663976192, 8.792800665833056, 10.918936595320702, 6.371668664738536, 4.771483009681106, 4.210912949405611, 4.089690078981221, 4.403758740052581], 'top_train_accuracies': [62.61574074074075, 84.375, 90.625, 96.875, 77.05977382875606, 96.875, 100.0, 100.0, 89.14473684210526, 96.875, 80.68181818181817, 93.75, 88.69143780290791, 96.875, 100.0, 95.3125, 96.875, 88.125, 85.62197092084006, 96.875, 59.375, 65.11824324324324, 86.02584814216479, 96.09375, 88.20678513731825, 96.875, 93.29563812600969, 100.0, 80.50986842105263, 91.875, 80.12924071082391, 96.875, 94.34571890145395, 100.0, 96.875, 100.0, 94.34571890145395, 97.76785714285714, 97.99107142857143, 98.125, 100.0, 100.0, 97.98387096774194, 98.95833333333334, 88.93376413570275, 98.4375, 97.65625, 100.0, 96.875, 97.74305555555556], 'test_losses': [23.332271575927734, 3.7850237488746643, 15.0413179397583, 457.8745651245117, 3.760226309299469, 8.611075043678284, 10.000305891036987, 15.914836645126343, 9.700845122337341, 4.790532767772675, 77.33802795410156, 11.272526502609253, 4.896719872951508, 6.708673000335693, 16.88310408592224, 10.189115047454834, 13.73680067062378, 538.7983627319336, 10.994580268859863, 11.806093573570251, 10.104909181594849, 34.11689305305481, 11.816910147666931, 13.275589942932129, 5.731886565685272, 12.152678847312927, 12.626000881195068, 2004.9131164550781, 14.948209047317505, 28.172627925872803, 11.096886396408081, 6.463325202465057, 4.13874077796936, 9.804592370986938, 7.798804879188538, 62.662126541137695, 8.760283589363098, 9.725422978401184, 4.9558581709861755, 11.415584683418274, 3.5619848668575287, 7.256700158119202, 5.040459096431732, 6.524724543094635, 9.823033809661865, 4.944023430347443, 12.504716157913208, 11.355301141738892, 13.858484506607056, 48.74841594696045], 'top_test_accuracies': [53.125, 50.0, 53.125, 52.083333333333336, 56.25, 50.0, 50.78125, 56.25, 53.125, 59.375, 51.041666666666664, 50.0, 78.125, 50.0, 53.125, 50.0, 56.25, 56.25, 50.0, 53.125, 50.0, 62.5, 59.375, 51.5625, 56.25, 53.125, 53.125, 56.25, 50.0, 56.25, 71.875, 50.0, 56.25, 53.125, 50.72463768115942, 68.75, 50.0, 59.375, 50.0, 56.25, 56.25, 50.78125, 71.875, 52.083333333333336, 51.041666666666664, 53.125, 53.125, 59.375, 56.25, 71.09375], 'train_times': [32.289211147, 31.027301809, 31.040974018, 31.115610989, 31.095066091, 31.147190402, 31.221719556, 31.165172642, 31.134787672, 31.157911785, 31.167341916, 31.183662647, 31.127753851, 31.128248693, 31.114249491, 31.091359447, 31.065348804, 31.110633501, 31.069914865, 31.08904723, 31.082690698, 31.113880216, 31.061500637, 31.050881984, 31.02974269, 31.052631581, 31.02632985, 31.044482486, 31.039373434, 31.017455521, 31.023739131, 31.001102496, 30.999083898, 31.001648797, 31.011790886, 30.997185106, 30.980429162, 30.971831972, 30.964763851, 30.952112265, 30.951693533, 30.948001064, 30.945101907, 30.926900107, 30.917609861, 30.91965931, 30.897861322, 30.887007053, 30.879066087, 30.873972697], 'test_times': [1.00868893, 1.007856519, 1.009263453, 1.009022038, 1.00932294, 1.010059859, 1.009488468, 1.009625727, 1.009932244, 1.010306547, 1.010014362, 1.009950217, 1.009801843, 1.009953402, 1.009801975, 1.009222654, 1.009164299, 1.010203015, 1.01006032, 1.010220827, 1.010352458, 1.01038334, 1.009731481, 1.010401452, 1.010184116, 1.011808766, 1.009128975, 1.009333775, 1.009349351, 1.009513361, 1.010399421, 1.010794129, 1.009840895, 1.010898525, 1.010524397, 1.0103037, 1.009695216, 1.009819237, 1.009162679, 1.00928579, 1.009151975, 1.009238664, 1.009083387, 1.009546643, 1.009514536, 1.009188504, 1.009286774, 1.009044651, 1.009098367, 1.009605066]}
