Running with optimizer Adam and with augmentation ColorJitter
Training Epoch: 1
The best accuracy for epoch 1 is 49.47916666666667%.
Testing Epoch: 1
Training Epoch: 2
The best accuracy for epoch 2 is 52.03804347826087%.
Testing Epoch: 2
Training Epoch: 3
The best accuracy for epoch 3 is 60.9375%.
Testing Epoch: 3
Training Epoch: 4
The best accuracy for epoch 4 is 54.6875%.
Testing Epoch: 4
Training Epoch: 5
The best accuracy for epoch 5 is 62.5%.
Testing Epoch: 5
Training Epoch: 6
The best accuracy for epoch 6 is 65.625%.
Testing Epoch: 6
Training Epoch: 7
The best accuracy for epoch 7 is 71.875%.
Testing Epoch: 7
Training Epoch: 8
The best accuracy for epoch 8 is 65.625%.
Testing Epoch: 8
Training Epoch: 9
The best accuracy for epoch 9 is 62.05357142857143%.
Testing Epoch: 9
Training Epoch: 10
The best accuracy for epoch 10 is 56.25%.
Testing Epoch: 10
Training Epoch: 11
The best accuracy for epoch 11 is 60.763888888888886%.
Testing Epoch: 11
Training Epoch: 12
The best accuracy for epoch 12 is 60.416666666666664%.
Testing Epoch: 12
Training Epoch: 13
The best accuracy for epoch 13 is 52.96875%.
Testing Epoch: 13
Training Epoch: 14
The best accuracy for epoch 14 is 56.25%.
Testing Epoch: 14
Training Epoch: 15
The best accuracy for epoch 15 is 59.375%.
Testing Epoch: 15
Training Epoch: 16
The best accuracy for epoch 16 is 59.466911764705884%.
Testing Epoch: 16
Training Epoch: 17
The best accuracy for epoch 17 is 61.458333333333336%.
Testing Epoch: 17
Training Epoch: 18
The best accuracy for epoch 18 is 52.38095238095239%.
Testing Epoch: 18
Training Epoch: 19
The best accuracy for epoch 19 is 65.625%.
Testing Epoch: 19
Training Epoch: 20
The best accuracy for epoch 20 is 54.91071428571429%.
Testing Epoch: 20
Training Epoch: 21
The best accuracy for epoch 21 is 58.333333333333336%.
Testing Epoch: 21
Training Epoch: 22
The best accuracy for epoch 22 is 67.1875%.
Testing Epoch: 22
Training Epoch: 23
The best accuracy for epoch 23 is 61.875%.
Testing Epoch: 23
Training Epoch: 24
The best accuracy for epoch 24 is 63.541666666666664%.
Testing Epoch: 24
Training Epoch: 25
The best accuracy for epoch 25 is 55.098684210526315%.
Testing Epoch: 25
Training Epoch: 26
The best accuracy for epoch 26 is 54.22794117647059%.
Testing Epoch: 26
Training Epoch: 27
The best accuracy for epoch 27 is 56.25%.
Testing Epoch: 27
Training Epoch: 28
The best accuracy for epoch 28 is 58.41346153846154%.
Testing Epoch: 28
Training Epoch: 29
The best accuracy for epoch 29 is 50.82720588235294%.
Testing Epoch: 29
Training Epoch: 30
The best accuracy for epoch 30 is 59.375%.
Testing Epoch: 30
Training Epoch: 31
The best accuracy for epoch 31 is 53.86029411764706%.
Testing Epoch: 31
Training Epoch: 32
The best accuracy for epoch 32 is 51.453957996768985%.
Testing Epoch: 32
Training Epoch: 33
The best accuracy for epoch 33 is 70.3125%.
Testing Epoch: 33
Training Epoch: 34
The best accuracy for epoch 34 is 53.90625%.
Testing Epoch: 34
Training Epoch: 35
The best accuracy for epoch 35 is 53.125%.
Testing Epoch: 35
Training Epoch: 36
The best accuracy for epoch 36 is 62.5%.
Testing Epoch: 36
Training Epoch: 37
The best accuracy for epoch 37 is 51.5625%.
Testing Epoch: 37
Training Epoch: 38
The best accuracy for epoch 38 is 51.87500000000001%.
Testing Epoch: 38
Training Epoch: 39
The best accuracy for epoch 39 is 68.75%.
Testing Epoch: 39
Training Epoch: 40
The best accuracy for epoch 40 is 54.6875%.
Testing Epoch: 40
Training Epoch: 41
The best accuracy for epoch 41 is 51.11607142857143%.
Testing Epoch: 41
Training Epoch: 42
The best accuracy for epoch 42 is 59.375%.
Testing Epoch: 42
Training Epoch: 43
The best accuracy for epoch 43 is 62.5%.
Testing Epoch: 43
Training Epoch: 44
The best accuracy for epoch 44 is 56.25%.
Testing Epoch: 44
Training Epoch: 45
The best accuracy for epoch 45 is 59.375%.
Testing Epoch: 45
Training Epoch: 46
The best accuracy for epoch 46 is 55.208333333333336%.
Testing Epoch: 46
Training Epoch: 47
The best accuracy for epoch 47 is 59.61538461538461%.
Testing Epoch: 47
Training Epoch: 48
The best accuracy for epoch 48 is 58.75%.
Testing Epoch: 48
Training Epoch: 49
The best accuracy for epoch 49 is 62.5%.
Testing Epoch: 49
Training Epoch: 50
The best accuracy for epoch 50 is 63.541666666666664%.
Testing Epoch: 50
The top train accuracy is among 50 epochs is 71.875%.
The top test accuracy is among 50 epochs is 65.625%.
{'train_losses': [55.44823658466339, 38.848245829343796, 33.65605413913727, 36.3456836938858, 32.73680180311203, 29.500089824199677, 31.13809961080551, 34.19864350557327, 30.632920682430267, 29.601847767829895, 28.887965381145477, 30.65138953924179, 30.557808756828308, 30.515527307987213, 30.406461775302887, 28.433589160442352, 28.953415393829346, 29.65321159362793, 29.457013428211212, 29.499378859996796, 27.748772978782654, 27.31344825029373, 27.018283784389496, 27.376543819904327, 30.101868391036987, 30.425010979175568, 28.69329124689102, 29.383828341960907, 28.469201922416687, 29.023424923419952, 28.83250916004181, 27.97913759946823, 29.422998756170273, 28.452364325523376, 28.817792654037476, 28.924801290035248, 28.598213732242584, 27.943545818328857, 29.39379906654358, 28.629361867904663, 28.899991154670715, 27.89351576566696, 27.543334364891052, 28.205034613609314, 29.095888435840607, 27.97267359495163, 27.67632222175598, 28.101686835289, 28.031140744686127, 27.095057725906372], 'top_train_accuracies': [49.47916666666667, 52.03804347826087, 60.9375, 54.6875, 62.5, 65.625, 71.875, 65.625, 62.05357142857143, 56.25, 60.763888888888886, 60.416666666666664, 52.96875, 56.25, 59.375, 59.466911764705884, 61.458333333333336, 52.38095238095239, 65.625, 54.91071428571429, 58.333333333333336, 67.1875, 61.875, 63.541666666666664, 55.098684210526315, 54.22794117647059, 56.25, 58.41346153846154, 50.82720588235294, 59.375, 53.86029411764706, 51.453957996768985, 70.3125, 53.90625, 53.125, 62.5, 51.5625, 51.87500000000001, 68.75, 54.6875, 51.11607142857143, 59.375, 62.5, 56.25, 59.375, 55.208333333333336, 59.61538461538461, 58.75, 62.5, 63.541666666666664], 'test_losses': [3.4844056367874146, 691.2250213623047, 3.936956822872162, 42796.95654296875, 3.5025190114974976, 1563.9470977783203, 4.439666569232941, 4.3060078620910645, 6.585546612739563, 120.25870895385742, 4.437311887741089, 3.5099167227745056, 3.6970463395118713, 12.975854635238647, 4.664520740509033, 13.364807367324829, 3.4846890568733215, 9.844192624092102, 3.512674391269684, 4.249305427074432, 568.4400787353516, 4.0715391635894775, 17.5395987033844, 3.807049810886383, 10.159789443016052, 4.4799721240997314, 13.854729175567627, 3.463015139102936, 7.417888641357422, 3.648792862892151, 4.454384028911591, 3.7457515597343445, 8.87403678894043, 7.396479368209839, 3.830018639564514, 61.028061866760254, 3.5844945907592773, 5.384599268436432, 3.8168222308158875, 3.4534717202186584, 3.5240665078163147, 3.5245879888534546, 4.8709617257118225, 3.4905813932418823, 4.589182794094086, 5.029254376888275, 6.856050610542297, 35.53095197677612, 8.35741412639618, 3.5811232924461365], 'top_test_accuracies': [53.125, 51.041666666666664, 50.0, 50.0, 54.6875, 51.5625, 50.0, 50.0, 50.0, 53.125, 50.0, 56.25, 50.0, 65.625, 56.25, 56.25, 50.78125, 50.0, 65.625, 56.25, 52.083333333333336, 55.208333333333336, 56.25, 50.0, 56.25, 51.5625, 50.0, 50.78125, 50.0, 53.125, 56.25, 56.25, 50.0, 53.125, 56.25, 53.125, 51.5625, 53.125, 53.125, 53.125, 50.0, 49.275362318840585, 56.25, 50.78125, 50.0, 53.125, 56.25, 51.5625, 50.0, 62.5], 'train_times': [37.589584622, 35.874549147, 35.931889142, 35.986171029, 36.042194267, 36.077486649, 36.097363357, 36.118255811, 36.138014329, 36.10308978, 36.14848502, 36.084621918, 36.083015537, 36.074414353, 36.081012858, 36.034050001, 36.026309632, 36.019786826, 36.026547238, 35.973086708, 35.967434606, 35.918445638, 35.914647782, 36.148526006, 35.865670685, 35.836935586, 35.851610632, 35.85719566, 35.859018766, 35.848708377, 35.841242316, 35.835211346, 35.763756622, 35.787781388, 35.778212327, 35.73723553, 35.749712094, 35.721504292, 35.725730209, 35.731869532, 35.728379225, 35.691421957, 35.71038288, 35.691027948, 35.667924366, 35.655399584, 35.653872641, 35.628584411, 35.599097987, 35.810835369], 'test_times': [1.193049414, 1.193820211, 1.193390798, 1.19659335, 1.197249831, 1.197222763, 1.197239244, 1.199057285, 1.198516296, 1.198511723, 1.198844189, 1.198366439, 1.197519705, 1.19804555, 1.197830345, 1.197334324, 1.197561331, 1.19756666, 1.196564601, 1.196840797, 1.197401253, 1.196339095, 1.197243645, 1.197520994, 1.196310847, 1.19597574, 1.197470619, 1.196454909, 1.197602338, 1.198479327, 1.197644051, 1.196640446, 1.19740682, 1.197009325, 1.19647437, 1.196390608, 1.197244704, 1.19668065, 1.195986879, 1.196243469, 1.19720701, 1.197232174, 1.197011799, 1.197001794, 1.195437104, 1.196706122, 1.196431575, 1.196505009, 1.195412679, 1.194809498]}
