Running with optimizer Adam and with augmentation HorizontalFlip
Training Epoch: 1
The best accuracy for epoch 1 is 59.59821428571429%.
Testing Epoch: 1
Training Epoch: 2
The best accuracy for epoch 2 is 78.67528271405493%.
Testing Epoch: 2
Training Epoch: 3
The best accuracy for epoch 3 is 96.875%.
Testing Epoch: 3
Training Epoch: 4
The best accuracy for epoch 4 is 89.375%.
Testing Epoch: 4
Training Epoch: 5
The best accuracy for epoch 5 is 95.42410714285714%.
Testing Epoch: 5
Training Epoch: 6
The best accuracy for epoch 6 is 93.29563812600969%.
Testing Epoch: 6
Training Epoch: 7
The best accuracy for epoch 7 is 92.1875%.
Testing Epoch: 7
Training Epoch: 8
The best accuracy for epoch 8 is 96.875%.
Testing Epoch: 8
Training Epoch: 9
The best accuracy for epoch 9 is 100.0%.
Testing Epoch: 9
Training Epoch: 10
The best accuracy for epoch 10 is 61.057692307692314%.
Testing Epoch: 10
Training Epoch: 11
The best accuracy for epoch 11 is 76.85185185185185%.
Testing Epoch: 11
Training Epoch: 12
The best accuracy for epoch 12 is 62.52019386106623%.
Testing Epoch: 12
Training Epoch: 13
The best accuracy for epoch 13 is 65.625%.
Testing Epoch: 13
Training Epoch: 14
The best accuracy for epoch 14 is 84.32956381260097%.
Testing Epoch: 14
Training Epoch: 15
The best accuracy for epoch 15 is 100.0%.
Testing Epoch: 15
Training Epoch: 16
The best accuracy for epoch 16 is 64.45880452342489%.
Testing Epoch: 16
Training Epoch: 17
The best accuracy for epoch 17 is 96.875%.
Testing Epoch: 17
Training Epoch: 18
The best accuracy for epoch 18 is 85.70075757575758%.
Testing Epoch: 18
Training Epoch: 19
The best accuracy for epoch 19 is 96.875%.
Testing Epoch: 19
Training Epoch: 20
The best accuracy for epoch 20 is 88.44911147011308%.
Testing Epoch: 20
Training Epoch: 21
The best accuracy for epoch 21 is 95.77205882352942%.
Testing Epoch: 21
Training Epoch: 22
The best accuracy for epoch 22 is 93.98148148148148%.
Testing Epoch: 22
Training Epoch: 23
The best accuracy for epoch 23 is 95.08928571428571%.
Testing Epoch: 23
Training Epoch: 24
The best accuracy for epoch 24 is 96.13970588235294%.
Testing Epoch: 24
Training Epoch: 25
The best accuracy for epoch 25 is 84.81421647819063%.
Testing Epoch: 25
Training Epoch: 26
The best accuracy for epoch 26 is 100.0%.
Testing Epoch: 26
Training Epoch: 27
The best accuracy for epoch 27 is 90.625%.
Testing Epoch: 27
Training Epoch: 28
The best accuracy for epoch 28 is 80.42763157894737%.
Testing Epoch: 28
Training Epoch: 29
The best accuracy for epoch 29 is 85.57692307692307%.
Testing Epoch: 29
Training Epoch: 30
The best accuracy for epoch 30 is 91.66666666666666%.
Testing Epoch: 30
Training Epoch: 31
The best accuracy for epoch 31 is 92.44791666666666%.
Testing Epoch: 31
Training Epoch: 32
The best accuracy for epoch 32 is 90.76704545454545%.
Testing Epoch: 32
Training Epoch: 33
The best accuracy for epoch 33 is 92.1875%.
Testing Epoch: 33
Training Epoch: 34
The best accuracy for epoch 34 is 95.3125%.
Testing Epoch: 34
Training Epoch: 35
The best accuracy for epoch 35 is 96.42857142857143%.
Testing Epoch: 35
Training Epoch: 36
The best accuracy for epoch 36 is 95.83333333333334%.
Testing Epoch: 36
Training Epoch: 37
The best accuracy for epoch 37 is 96.875%.
Testing Epoch: 37
Training Epoch: 38
The best accuracy for epoch 38 is 59.375%.
Testing Epoch: 38
Training Epoch: 39
The best accuracy for epoch 39 is 82.95638126009693%.
Testing Epoch: 39
Training Epoch: 40
The best accuracy for epoch 40 is 92.00323101777059%.
Testing Epoch: 40
Training Epoch: 41
The best accuracy for epoch 41 is 95.3125%.
Testing Epoch: 41
Training Epoch: 42
The best accuracy for epoch 42 is 100.0%.
Testing Epoch: 42
Training Epoch: 43
The best accuracy for epoch 43 is 100.0%.
Testing Epoch: 43
Training Epoch: 44
The best accuracy for epoch 44 is 52.67857142857143%.
Testing Epoch: 44
Training Epoch: 45
The best accuracy for epoch 45 is 51.24999999999999%.
Testing Epoch: 45
Training Epoch: 46
The best accuracy for epoch 46 is 50.26785714285714%.
Testing Epoch: 46
Training Epoch: 47
The best accuracy for epoch 47 is 55.3030303030303%.
Testing Epoch: 47
Training Epoch: 48
The best accuracy for epoch 48 is 65.625%.
Testing Epoch: 48
Training Epoch: 49
The best accuracy for epoch 49 is 69.79166666666666%.
Testing Epoch: 49
Training Epoch: 50
The best accuracy for epoch 50 is 68.75%.
Testing Epoch: 50
The top train accuracy is among 50 epochs is 100.0%.
The top test accuracy is among 50 epochs is 96.875%.
{'train_losses': [43.03622171282768, 19.047918129712343, 11.66288873180747, 19.923311047255993, 12.280229214578867, 10.748408399522305, 10.828148445114493, 6.289363019634038, 35.63747917022556, 33.05347669124603, 29.76831814646721, 28.74071556329727, 28.455879598855972, 16.875915713608265, 25.521918527781963, 28.211849451065063, 23.95569759979844, 18.041097849607468, 12.19228670373559, 12.968035653233528, 8.470348743721843, 10.172838885337114, 9.836506083607674, 24.841629166156054, 16.03964924812317, 31.434233218431473, 26.95067147910595, 19.454943388700485, 15.332498282194138, 13.313645079731941, 10.889674689620733, 10.834102667868137, 10.333272442221642, 10.9564288854599, 8.12770513445139, 7.486034840345383, 14.002839606255293, 29.47385811805725, 18.411919131875038, 9.102640144526958, 9.112337151542306, 7.554786544293165, 31.12192529439926, 31.657670736312866, 29.023613154888153, 28.262713074684143, 27.668748378753662, 26.90489649772644, 27.42052012681961, 27.784819304943085], 'top_train_accuracies': [59.59821428571429, 78.67528271405493, 96.875, 89.375, 95.42410714285714, 93.29563812600969, 92.1875, 96.875, 100.0, 61.057692307692314, 76.85185185185185, 62.52019386106623, 65.625, 84.32956381260097, 100.0, 64.45880452342489, 96.875, 85.70075757575758, 96.875, 88.44911147011308, 95.77205882352942, 93.98148148148148, 95.08928571428571, 96.13970588235294, 84.81421647819063, 100.0, 90.625, 80.42763157894737, 85.57692307692307, 91.66666666666666, 92.44791666666666, 90.76704545454545, 92.1875, 95.3125, 96.42857142857143, 95.83333333333334, 96.875, 59.375, 82.95638126009693, 92.00323101777059, 95.3125, 100.0, 100.0, 52.67857142857143, 51.24999999999999, 50.26785714285714, 55.3030303030303, 65.625, 69.79166666666666, 68.75], 'test_losses': [3.6435916423797607, 13.596639394760132, 13.677246809005737, 11.878864526748657, 135534.392578125, 4.413559973239899, 3.56768399477005, 11.079023003578186, 10.868582367897034, 4.56040096282959, 3.483667016029358, 3.6516968607902527, 48.469730377197266, 1.3540935516357422, 148.83949279785156, 6.40555202960968, 468.2677459716797, 322.1408882141113, 6.6277724504470825, 6.848792552947998, 6.904821693897247, 160945.87109375, 950.9589385986328, 6.506905555725098, 337.85352325439453, 40.92644691467285, 5.594933986663818, 7.173407316207886, 12.460554122924805, 5.658219635486603, 55.60730791091919, 7.401623249053955, 0.838873952627182, 541.7052459716797, 7.899787664413452, 6.613748133182526, 4.7586857080459595, 3289.9492797851562, 5.142284631729126, 9.497957706451416, 2.7420795410871506, 6.439009308815002, 3.7461469173431396, 3.503735065460205, 3.4837201833724976, 3.392020881175995, 74.72989654541016, 4.297468304634094, 16.305988073349, 20.224875926971436], 'top_test_accuracies': [52.34375, 56.25, 62.5, 52.34375, 50.0, 53.125, 62.5, 54.166666666666664, 50.0, 50.0, 50.0, 53.125, 53.125, 92.7536231884058, 56.25, 53.125, 51.5625, 50.0, 50.0, 56.25, 50.0, 59.375, 53.125, 49.275362318840585, 55.208333333333336, 51.041666666666664, 52.083333333333336, 53.125, 51.5625, 50.0, 51.5625, 50.78125, 96.875, 53.125, 53.125, 53.125, 59.375, 51.041666666666664, 53.125, 50.78125, 90.625, 56.25, 50.0, 59.375, 53.125, 50.0, 53.125, 59.375, 56.25, 59.375], 'train_times': [32.831954552, 31.104745189, 31.093062508, 31.252762839, 31.126463143, 31.118021049, 31.144999999, 31.116802005, 31.36693894, 31.130866808, 31.100555326, 31.122882263, 31.110492567, 31.072473061, 31.083689212, 31.06843882, 31.042063548, 31.017725241, 31.01567001, 31.034165175, 31.028068946, 31.267707062, 31.016344894, 31.028916393, 31.022428316, 31.007510884, 30.977273543, 31.247152201, 30.982496563, 30.976062171, 30.966934978, 30.963612272, 30.974218281, 30.960362724, 30.956389231, 30.94403655, 31.209857071, 30.971840524, 30.951647888, 30.945677856, 30.953833596, 30.941048887, 30.932818839, 31.167035323, 30.924908976, 30.93805559, 30.921850378, 30.911883927, 30.893232212, 30.877975083], 'test_times': [1.008792085, 1.007744504, 1.008877863, 1.008716075, 1.00955074, 1.009243515, 1.009260396, 1.009884346, 1.00919875, 1.008997975, 1.008679973, 1.009477658, 1.009612347, 1.009944213, 1.008848362, 1.008970911, 1.009052496, 1.009789492, 1.009360489, 1.00892866, 1.009021733, 1.008609088, 1.008829025, 1.00890755, 1.007516356, 1.008615024, 1.008586607, 1.009705098, 1.009938925, 1.010467997, 1.008317989, 1.009956162, 1.009921713, 1.010175808, 1.009176623, 1.009112243, 1.009235947, 1.010505968, 1.010784283, 1.008942773, 1.009425099, 1.009627597, 1.008963561, 1.008230853, 1.0101336, 1.009573915, 1.009539022, 1.009506623, 1.009371585, 1.009784769]}
