Running with optimizer Adam and with augmentation VerticalFlip
Training Epoch: 1
The best accuracy for epoch 1 is 63.731825525040385%.
Testing Epoch: 1
Training Epoch: 2
The best accuracy for epoch 2 is 82.47172859450727%.
Testing Epoch: 2
Training Epoch: 3
The best accuracy for epoch 3 is 96.09375%.
Testing Epoch: 3
Training Epoch: 4
The best accuracy for epoch 4 is 58.87096774193549%.
Testing Epoch: 4
Training Epoch: 5
The best accuracy for epoch 5 is 57.47767857142857%.
Testing Epoch: 5
Training Epoch: 6
The best accuracy for epoch 6 is 90.3409090909091%.
Testing Epoch: 6
Training Epoch: 7
The best accuracy for epoch 7 is 89.375%.
Testing Epoch: 7
Training Epoch: 8
The best accuracy for epoch 8 is 93.75%.
Testing Epoch: 8
Training Epoch: 9
The best accuracy for epoch 9 is 67.70833333333334%.
Testing Epoch: 9
Training Epoch: 10
The best accuracy for epoch 10 is 82.8125%.
Testing Epoch: 10
Training Epoch: 11
The best accuracy for epoch 11 is 64.29725363489499%.
Testing Epoch: 11
Training Epoch: 12
The best accuracy for epoch 12 is 90.625%.
Testing Epoch: 12
Training Epoch: 13
The best accuracy for epoch 13 is 89.25686591276252%.
Testing Epoch: 13
Training Epoch: 14
The best accuracy for epoch 14 is 92.96875%.
Testing Epoch: 14
Training Epoch: 15
The best accuracy for epoch 15 is 90.625%.
Testing Epoch: 15
Training Epoch: 16
The best accuracy for epoch 16 is 57.10823909531503%.
Testing Epoch: 16
Training Epoch: 17
The best accuracy for epoch 17 is 81.25%.
Testing Epoch: 17
Training Epoch: 18
The best accuracy for epoch 18 is 100.0%.
Testing Epoch: 18
Training Epoch: 19
The best accuracy for epoch 19 is 89.0625%.
Testing Epoch: 19
Training Epoch: 20
The best accuracy for epoch 20 is 72.7195945945946%.
Testing Epoch: 20
Training Epoch: 21
The best accuracy for epoch 21 is 81.25%.
Testing Epoch: 21
Training Epoch: 22
The best accuracy for epoch 22 is 87.05357142857143%.
Testing Epoch: 22
Training Epoch: 23
The best accuracy for epoch 23 is 80.26315789473685%.
Testing Epoch: 23
Training Epoch: 24
The best accuracy for epoch 24 is 89.0625%.
Testing Epoch: 24
Training Epoch: 25
The best accuracy for epoch 25 is 81.48148148148148%.
Testing Epoch: 25
Training Epoch: 26
The best accuracy for epoch 26 is 86.625%.
Testing Epoch: 26
Training Epoch: 27
The best accuracy for epoch 27 is 82.25446428571429%.
Testing Epoch: 27
Training Epoch: 28
The best accuracy for epoch 28 is 87.96445880452343%.
Testing Epoch: 28
Training Epoch: 29
The best accuracy for epoch 29 is 100.0%.
Testing Epoch: 29
Training Epoch: 30
The best accuracy for epoch 30 is 55.859375%.
Testing Epoch: 30
Training Epoch: 31
The best accuracy for epoch 31 is 68.17129629629629%.
Testing Epoch: 31
Training Epoch: 32
The best accuracy for epoch 32 is 78.46283783783784%.
Testing Epoch: 32
Training Epoch: 33
The best accuracy for epoch 33 is 58.885298869143774%.
Testing Epoch: 33
Training Epoch: 34
The best accuracy for epoch 34 is 82.03125%.
Testing Epoch: 34
Training Epoch: 35
The best accuracy for epoch 35 is 94.27083333333334%.
Testing Epoch: 35
Training Epoch: 36
The best accuracy for epoch 36 is 93.75%.
Testing Epoch: 36
Training Epoch: 37
The best accuracy for epoch 37 is 94.61206896551724%.
Testing Epoch: 37
Training Epoch: 38
The best accuracy for epoch 38 is 87.5%.
Testing Epoch: 38
Training Epoch: 39
The best accuracy for epoch 39 is 90.17857142857143%.
Testing Epoch: 39
Training Epoch: 40
The best accuracy for epoch 40 is 96.875%.
Testing Epoch: 40
Training Epoch: 41
The best accuracy for epoch 41 is 88.30645161290323%.
Testing Epoch: 41
Training Epoch: 42
The best accuracy for epoch 42 is 50.78125%.
Testing Epoch: 42
Training Epoch: 43
The best accuracy for epoch 43 is 56.770833333333336%.
Testing Epoch: 43
Training Epoch: 44
The best accuracy for epoch 44 is 59.375%.
Testing Epoch: 44
Training Epoch: 45
The best accuracy for epoch 45 is 59.375%.
Testing Epoch: 45
Training Epoch: 46
The best accuracy for epoch 46 is 52.81249999999999%.
Testing Epoch: 46
Training Epoch: 47
The best accuracy for epoch 47 is 53.125%.
Testing Epoch: 47
Training Epoch: 48
The best accuracy for epoch 48 is 60.416666666666664%.
Testing Epoch: 48
Training Epoch: 49
The best accuracy for epoch 49 is 63.33333333333333%.
Testing Epoch: 49
Training Epoch: 50
The best accuracy for epoch 50 is 78.125%.
Testing Epoch: 50
The top train accuracy is among 50 epochs is 100.0%.
The top test accuracy is among 50 epochs is 82.03125%.
{'train_losses': [37.05869395658374, 20.17212863638997, 29.43568417802453, 31.966705858707428, 29.47211390733719, 19.195618491619825, 16.210840579122305, 33.004292123019695, 28.77438047528267, 38.46575129032135, 31.101252183318138, 23.3648619055748, 13.245096258819103, 10.583185870200396, 47.473274022340775, 32.10487675666809, 27.774216175079346, 20.62730200588703, 27.789388090372086, 22.300058215856552, 21.4456694573164, 20.775255143642426, 18.99559649825096, 19.376344233751297, 23.36102494597435, 16.63363891839981, 21.375328183174133, 13.834320694208145, 34.01099895685911, 28.58740133047104, 26.226046442985535, 21.94558309018612, 27.150850027799606, 18.146819427609444, 10.878558572381735, 8.15269973129034, 11.5768006965518, 17.297995179891586, 14.11199340224266, 11.520594768226147, 19.90797033905983, 30.41403168439865, 29.208017587661743, 28.535669028759003, 28.065909802913666, 28.502910554409027, 27.966416716575623, 28.913828253746033, 27.2299262881279, 25.924199044704437], 'top_train_accuracies': [63.731825525040385, 82.47172859450727, 96.09375, 58.87096774193549, 57.47767857142857, 90.3409090909091, 89.375, 93.75, 67.70833333333334, 82.8125, 64.29725363489499, 90.625, 89.25686591276252, 92.96875, 90.625, 57.10823909531503, 81.25, 100.0, 89.0625, 72.7195945945946, 81.25, 87.05357142857143, 80.26315789473685, 89.0625, 81.48148148148148, 86.625, 82.25446428571429, 87.96445880452343, 100.0, 55.859375, 68.17129629629629, 78.46283783783784, 58.885298869143774, 82.03125, 94.27083333333334, 93.75, 94.61206896551724, 87.5, 90.17857142857143, 96.875, 88.30645161290323, 50.78125, 56.770833333333336, 59.375, 59.375, 52.81249999999999, 53.125, 60.416666666666664, 63.33333333333333, 78.125], 'test_losses': [3.567035138607025, 10.388961791992188, 10.336684584617615, 3.479228436946869, 11387.695556640625, 19.277369737625122, 13.45023226737976, 8.168788075447083, 36137.72216796875, 13.902887105941772, 6.6011505126953125, 4.060714602470398, 7.283195614814758, 4.563552260398865, 424.2371292114258, 7.396210312843323, 6.836540341377258, 3.4889488220214844, 4.0696499943733215, 93.47799682617188, 7.342963695526123, 3.9539148211479187, 5.229818880558014, 6.273221075534821, 5.407233715057373, 11.639844179153442, 3.556705355644226, 4.265466272830963, 3.6490333676338196, 4.084856808185577, 47.498167514801025, 3.544598400592804, 125.13946342468262, 0.8185492679476738, 8.964717626571655, 9.197591781616211, 45.2773323059082, 6.0780922174453735, 4.593422889709473, 9.187211394309998, 99.95951271057129, 3.7829241156578064, 3.473739504814148, 3.6778406500816345, 3.460044026374817, 3.4723575115203857, 9543.958984375, 3.6610180735588074, 16.607332944869995, 102.46885681152344], 'top_test_accuracies': [59.375, 71.875, 50.0, 50.0, 53.125, 50.0, 65.625, 51.5625, 50.0, 59.375, 50.0, 62.5, 59.375, 56.25, 53.125, 50.0, 50.78125, 54.6875, 57.8125, 65.625, 50.0, 57.291666666666664, 53.125, 65.625, 62.5, 50.0, 62.5, 65.625, 50.78125, 57.8125, 50.0, 50.0, 50.0, 96.875, 53.125, 53.125, 64.84375, 54.166666666666664, 50.78125, 59.375, 50.0, 56.25, 50.0, 51.5625, 52.083333333333336, 52.34375, 50.0, 50.0, 50.0, 50.0], 'train_times': [33.607164649, 31.190779298, 31.287916124, 31.344330776, 31.388571838, 31.390612249, 31.398541081, 31.457590196, 31.715111241, 31.467921682, 31.466820762, 31.427866851, 31.439909492, 31.399124974, 31.406705803, 31.703330694, 31.394873087, 31.351086746, 31.384707557, 31.361956179, 31.57354133, 31.53399972, 31.237781102, 31.24018685, 31.223922212, 31.22500271, 31.189309106, 31.189144736, 31.204854377, 31.2151177, 31.159041499, 31.159188556, 31.175548061, 31.129768199, 31.118523178, 31.108046983, 31.121177565, 31.128786379, 31.088575467, 31.115295968, 31.077850837, 31.088133433, 31.075996316, 31.074089802, 31.061946328, 31.088957124, 31.066166209, 31.075087192, 31.04078788, 31.057922234], 'test_times': [1.03100602, 1.030383835, 1.032287687, 1.033280844, 1.035075846, 1.034565068, 1.036017768, 1.036223221, 1.03586432, 1.036223262, 1.034869013, 1.034758308, 1.035517142, 1.034735696, 1.037234105, 1.035466327, 1.035823557, 1.034090276, 1.035145444, 1.034401721, 1.035200556, 1.033930186, 1.033640031, 1.033510729, 1.034464689, 1.035262309, 1.034064305, 1.03570645, 1.033888408, 1.033925493, 1.035523846, 1.034136775, 1.0331547, 1.033583973, 1.033575039, 1.033534664, 1.034299804, 1.033075791, 1.033666534, 1.03264889, 1.035133507, 1.032852566, 1.033009352, 1.033364682, 1.033300152, 1.033870039, 1.033470906, 1.033888356, 1.034451372, 1.032814448]}
