Running with optimizer sgd and with augmentation CenterCrop
Training Epoch: 1
The training accuracy for epoch 1 is 48.949919224555735%.
Testing Epoch: 1
The testing accuracy for epoch 1 is 49.275362318840585%.
Training Epoch: 2
The training accuracy for epoch 2 is 51.77705977382876%.
Testing Epoch: 2
The testing accuracy for epoch 2 is 52.89855072463768%.
Training Epoch: 3
The training accuracy for epoch 3 is 52.26171243941842%.
Testing Epoch: 3
The testing accuracy for epoch 3 is 53.62318840579711%.
Training Epoch: 4
The training accuracy for epoch 4 is 51.77705977382876%.
Testing Epoch: 4
The testing accuracy for epoch 4 is 50.0%.
Training Epoch: 5
The training accuracy for epoch 5 is 52.10016155088854%.
Testing Epoch: 5
The testing accuracy for epoch 5 is 49.275362318840585%.
Training Epoch: 6
The training accuracy for epoch 6 is 53.150242326332794%.
Testing Epoch: 6
The testing accuracy for epoch 6 is 52.17391304347826%.
Training Epoch: 7
The training accuracy for epoch 7 is 50.96930533117933%.
Testing Epoch: 7
The testing accuracy for epoch 7 is 50.0%.
Training Epoch: 8
The training accuracy for epoch 8 is 54.60420032310178%.
Testing Epoch: 8
The testing accuracy for epoch 8 is 52.89855072463768%.
Training Epoch: 9
The training accuracy for epoch 9 is 51.77705977382876%.
Testing Epoch: 9
The testing accuracy for epoch 9 is 50.0%.
Training Epoch: 10
The training accuracy for epoch 10 is 51.77705977382876%.
Testing Epoch: 10
The testing accuracy for epoch 10 is 52.89855072463768%.
Training Epoch: 11
The training accuracy for epoch 11 is 53.31179321486268%.
Testing Epoch: 11
The testing accuracy for epoch 11 is 50.72463768115942%.
Training Epoch: 12
The training accuracy for epoch 12 is 53.23101777059773%.
Testing Epoch: 12
The testing accuracy for epoch 12 is 48.55072463768116%.
Training Epoch: 13
The training accuracy for epoch 13 is 58.07754442649434%.
Testing Epoch: 13
The testing accuracy for epoch 13 is 52.17391304347826%.
Training Epoch: 14
The training accuracy for epoch 14 is 55.65428109854604%.
Testing Epoch: 14
The testing accuracy for epoch 14 is 56.52173913043478%.
Training Epoch: 15
The training accuracy for epoch 15 is 56.1389337641357%.
Testing Epoch: 15
The testing accuracy for epoch 15 is 57.971014492753625%.
Training Epoch: 16
The training accuracy for epoch 16 is 59.531502423263326%.
Testing Epoch: 16
The testing accuracy for epoch 16 is 57.2463768115942%.
Training Epoch: 17
The training accuracy for epoch 17 is 59.61227786752828%.
Testing Epoch: 17
The testing accuracy for epoch 17 is 60.86956521739131%.
Training Epoch: 18
The training accuracy for epoch 18 is 61.14701130856219%.
Testing Epoch: 18
The testing accuracy for epoch 18 is 57.971014492753625%.
Training Epoch: 19
The training accuracy for epoch 19 is 63.570274636510504%.
Testing Epoch: 19
The testing accuracy for epoch 19 is 64.4927536231884%.
Training Epoch: 20
The training accuracy for epoch 20 is 67.20516962843296%.
Testing Epoch: 20
The testing accuracy for epoch 20 is 49.275362318840585%.
Training Epoch: 21
The training accuracy for epoch 21 is 72.37479806138933%.
Testing Epoch: 21
The testing accuracy for epoch 21 is 55.79710144927537%.
Training Epoch: 22
The training accuracy for epoch 22 is 76.73667205169629%.
Testing Epoch: 22
The testing accuracy for epoch 22 is 82.6086956521739%.
Training Epoch: 23
The training accuracy for epoch 23 is 90.30694668820679%.
Testing Epoch: 23
The testing accuracy for epoch 23 is 92.7536231884058%.
Training Epoch: 24
The training accuracy for epoch 24 is 96.52665589660742%.
Testing Epoch: 24
The testing accuracy for epoch 24 is 97.82608695652173%.
Training Epoch: 25
The training accuracy for epoch 25 is 94.34571890145395%.
Testing Epoch: 25
The testing accuracy for epoch 25 is 98.55072463768117%.
Training Epoch: 26
The training accuracy for epoch 26 is 95.39579967689822%.
Testing Epoch: 26
The testing accuracy for epoch 26 is 99.27536231884058%.
Training Epoch: 27
The training accuracy for epoch 27 is 98.70759289176091%.
Testing Epoch: 27
The testing accuracy for epoch 27 is 98.55072463768117%.
Training Epoch: 28
The training accuracy for epoch 28 is 98.30371567043619%.
Testing Epoch: 28
The testing accuracy for epoch 28 is 98.55072463768117%.
Training Epoch: 29
The training accuracy for epoch 29 is 99.11147011308562%.
Testing Epoch: 29
The testing accuracy for epoch 29 is 99.27536231884058%.
Training Epoch: 30
The training accuracy for epoch 30 is 99.19224555735056%.
Testing Epoch: 30
The testing accuracy for epoch 30 is 98.55072463768117%.
Training Epoch: 31
The training accuracy for epoch 31 is 97.4151857835218%.
Testing Epoch: 31
The testing accuracy for epoch 31 is 92.02898550724638%.
Training Epoch: 32
The training accuracy for epoch 32 is 97.81906300484653%.
Testing Epoch: 32
The testing accuracy for epoch 32 is 92.7536231884058%.
Training Epoch: 33
The training accuracy for epoch 33 is 97.89983844911147%.
Testing Epoch: 33
The testing accuracy for epoch 33 is 98.55072463768117%.
Training Epoch: 34
The training accuracy for epoch 34 is 98.22294022617125%.
Testing Epoch: 34
The testing accuracy for epoch 34 is 97.82608695652173%.
Training Epoch: 35
The training accuracy for epoch 35 is 98.70759289176091%.
Testing Epoch: 35
The testing accuracy for epoch 35 is 99.27536231884058%.
Training Epoch: 36
The training accuracy for epoch 36 is 98.86914378029078%.
Testing Epoch: 36
The testing accuracy for epoch 36 is 99.27536231884058%.
Training Epoch: 37
The training accuracy for epoch 37 is 98.78836833602584%.
Testing Epoch: 37
The testing accuracy for epoch 37 is 97.10144927536231%.
Training Epoch: 38
The training accuracy for epoch 38 is 99.43457189014539%.
Testing Epoch: 38
The testing accuracy for epoch 38 is 99.27536231884058%.
Training Epoch: 39
The training accuracy for epoch 39 is 99.27302100161552%.
Testing Epoch: 39
The testing accuracy for epoch 39 is 98.55072463768117%.
Training Epoch: 40
The training accuracy for epoch 40 is 99.35379644588045%.
Testing Epoch: 40
The testing accuracy for epoch 40 is 98.55072463768117%.
Training Epoch: 41
The training accuracy for epoch 41 is 99.35379644588045%.
Testing Epoch: 41
The testing accuracy for epoch 41 is 100.0%.
Training Epoch: 42
The training accuracy for epoch 42 is 99.59612277867528%.
Testing Epoch: 42
The testing accuracy for epoch 42 is 98.55072463768117%.
Training Epoch: 43
The training accuracy for epoch 43 is 99.27302100161552%.
Testing Epoch: 43
The testing accuracy for epoch 43 is 97.10144927536231%.
Training Epoch: 44
The training accuracy for epoch 44 is 99.43457189014539%.
Testing Epoch: 44
The testing accuracy for epoch 44 is 99.27536231884058%.
Training Epoch: 45
The training accuracy for epoch 45 is 99.83844911147011%.
Testing Epoch: 45
The testing accuracy for epoch 45 is 100.0%.
Training Epoch: 46
The training accuracy for epoch 46 is 99.75767366720517%.
Testing Epoch: 46
The testing accuracy for epoch 46 is 100.0%.
Training Epoch: 47
The training accuracy for epoch 47 is 99.75767366720517%.
Testing Epoch: 47
The testing accuracy for epoch 47 is 100.0%.
Training Epoch: 48
The training accuracy for epoch 48 is 99.67689822294022%.
Testing Epoch: 48
The testing accuracy for epoch 48 is 100.0%.
Training Epoch: 49
The training accuracy for epoch 49 is 99.35379644588045%.
Testing Epoch: 49
The testing accuracy for epoch 49 is 100.0%.
Training Epoch: 50
The training accuracy for epoch 50 is 99.19224555735056%.
Testing Epoch: 50
The testing accuracy for epoch 50 is 99.27536231884058%.
The top train accuracy is among 50 epochs is 99.83844911147011%.
The top test accuracy is among 50 epochs is 99.35379644588045%.
{'train_losses': [396.18754202127457, 35.32023465633392, 31.05155438184738, 29.5209658741951, 28.47955060005188, 28.619839310646057, 28.83936458826065, 27.669778048992157, 27.93589413166046, 27.40497398376465, 27.69009792804718, 27.47321391105652, 26.594910502433777, 26.810960710048676, 26.749250769615173, 25.870746850967407, 25.34363228082657, 25.434338092803955, 23.268150210380554, 22.325365096330643, 20.76383212208748, 17.24954405426979, 9.652085922658443, 4.635211871005595, 7.098170378245413, 6.053710304200649, 1.865965235978365, 2.8181826036889106, 1.282278414350003, 1.5047349431551993, 4.532863257918507, 2.6034945165738463, 2.1173183392966166, 1.822043720050715, 1.53019232256338, 1.4018614084343426, 1.3561539904912934, 0.7216580515378155, 1.024999112036312, 0.8495633715210715, 0.719074527209159, 0.6364317966508679, 0.8526759732194478, 0.46297287108609453, 0.43716754458728246, 0.3435296280804323, 0.3570025161970989, 0.4637371973221889, 0.7784725633537164, 0.8243040551315062], 'train_accuracies': [48.949919224555735, 51.77705977382876, 52.26171243941842, 51.77705977382876, 52.10016155088854, 53.150242326332794, 50.96930533117933, 54.60420032310178, 51.77705977382876, 51.77705977382876, 53.31179321486268, 53.23101777059773, 58.07754442649434, 55.65428109854604, 56.1389337641357, 59.531502423263326, 59.61227786752828, 61.14701130856219, 63.570274636510504, 67.20516962843296, 72.37479806138933, 76.73667205169629, 90.30694668820679, 96.52665589660742, 94.34571890145395, 95.39579967689822, 98.70759289176091, 98.30371567043619, 99.11147011308562, 99.19224555735056, 97.4151857835218, 97.81906300484653, 97.89983844911147, 98.22294022617125, 98.70759289176091, 98.86914378029078, 98.78836833602584, 99.43457189014539, 99.27302100161552, 99.35379644588045, 99.35379644588045, 99.59612277867528, 99.27302100161552, 99.43457189014539, 99.83844911147011, 99.75767366720517, 99.75767366720517, 99.67689822294022, 99.35379644588045, 99.19224555735056], 'test_losses': [5.736289024353027, 4.600047528743744, 3.632870376110077, 3.7373250126838684, 4.3680813908576965, 3.7329813838005066, 3.6023172736167908, 3.5345658659934998, 3.492139995098114, 3.519990861415863, 3.531533896923065, 3.582490622997284, 3.6378722190856934, 3.2592201232910156, 3.2899316549301147, 3.2124723196029663, 3.082555413246155, 3.1956995725631714, 3.9212254881858826, 3.664139688014984, 3.4318294525146484, 1.8618902564048767, 1.3478402495384216, 0.447734700050205, 0.5416459683328867, 0.3435838595032692, 0.3200931465253234, 0.20043017831631005, 0.127854356484022, 0.21321686077862978, 1.0477712899446487, 1.275344841182232, 0.30047139339149, 0.5127154867514037, 0.4049894257914275, 0.23385161499027163, 0.5958680063486099, 0.3284947230713442, 0.3352319933474064, 0.22782960813492537, 0.03286363114602864, 0.10430272517260164, 0.2535897493362427, 0.030573644457035698, 0.026329739557695575, 0.003878770541632548, 0.0028098031762056053, 0.002673471281013917, 0.03276147483848035, 0.03827915117290104], 'test_accuracies': [49.275362318840585, 52.89855072463768, 53.62318840579711, 50.0, 49.275362318840585, 52.17391304347826, 50.0, 52.89855072463768, 50.0, 52.89855072463768, 50.72463768115942, 48.55072463768116, 52.17391304347826, 56.52173913043478, 57.971014492753625, 57.2463768115942, 60.86956521739131, 57.971014492753625, 64.4927536231884, 49.275362318840585, 55.79710144927537, 82.6086956521739, 92.7536231884058, 97.82608695652173, 98.55072463768117, 99.27536231884058, 98.55072463768117, 98.55072463768117, 99.27536231884058, 98.55072463768117, 92.02898550724638, 92.7536231884058, 98.55072463768117, 97.82608695652173, 99.27536231884058, 99.27536231884058, 97.10144927536231, 99.27536231884058, 98.55072463768117, 98.55072463768117, 100.0, 98.55072463768117, 97.10144927536231, 99.27536231884058, 100.0, 100.0, 100.0, 100.0, 100.0, 99.27536231884058]}
