Running with optimizer sgd and with augmentation ColorJitter
Training Epoch: 1
The training accuracy for epoch 1 is 54.92730210016155%.
Testing Epoch: 1
The testing accuracy for epoch 1 is 60.14492753623188%.
Training Epoch: 2
The training accuracy for epoch 2 is 63.24717285945073%.
Testing Epoch: 2
The testing accuracy for epoch 2 is 68.84057971014492%.
Training Epoch: 3
The training accuracy for epoch 3 is 64.21647819063004%.
Testing Epoch: 3
The testing accuracy for epoch 3 is 73.91304347826086%.
Training Epoch: 4
The training accuracy for epoch 4 is 64.78190630048465%.
Testing Epoch: 4
The testing accuracy for epoch 4 is 73.91304347826086%.
Training Epoch: 5
The training accuracy for epoch 5 is 68.4168012924071%.
Testing Epoch: 5
The testing accuracy for epoch 5 is 51.449275362318836%.
Training Epoch: 6
The training accuracy for epoch 6 is 69.78998384491115%.
Testing Epoch: 6
The testing accuracy for epoch 6 is 50.0%.
Training Epoch: 7
The training accuracy for epoch 7 is 72.94022617124394%.
Testing Epoch: 7
The testing accuracy for epoch 7 is 52.89855072463768%.
Training Epoch: 8
The training accuracy for epoch 8 is 73.74798061389338%.
Testing Epoch: 8
The testing accuracy for epoch 8 is 68.84057971014492%.
Training Epoch: 9
The training accuracy for epoch 9 is 78.10985460420032%.
Testing Epoch: 9
The testing accuracy for epoch 9 is 73.91304347826086%.
Training Epoch: 10
The training accuracy for epoch 10 is 81.01777059773829%.
Testing Epoch: 10
The testing accuracy for epoch 10 is 88.40579710144928%.
Training Epoch: 11
The training accuracy for epoch 11 is 84.73344103392569%.
Testing Epoch: 11
The testing accuracy for epoch 11 is 82.6086956521739%.
Training Epoch: 12
The training accuracy for epoch 12 is 87.47980613893377%.
Testing Epoch: 12
The testing accuracy for epoch 12 is 75.36231884057972%.
Training Epoch: 13
The training accuracy for epoch 13 is 89.5799676898223%.
Testing Epoch: 13
The testing accuracy for epoch 13 is 94.20289855072464%.
Training Epoch: 14
The training accuracy for epoch 14 is 88.61066235864298%.
Testing Epoch: 14
The testing accuracy for epoch 14 is 82.6086956521739%.
Training Epoch: 15
The training accuracy for epoch 15 is 90.54927302100162%.
Testing Epoch: 15
The testing accuracy for epoch 15 is 89.13043478260869%.
Training Epoch: 16
The training accuracy for epoch 16 is 92.24555735056543%.
Testing Epoch: 16
The testing accuracy for epoch 16 is 85.5072463768116%.
Training Epoch: 17
The training accuracy for epoch 17 is 88.36833602584814%.
Testing Epoch: 17
The testing accuracy for epoch 17 is 93.47826086956522%.
Training Epoch: 18
The training accuracy for epoch 18 is 90.54927302100162%.
Testing Epoch: 18
The testing accuracy for epoch 18 is 94.20289855072464%.
Training Epoch: 19
The training accuracy for epoch 19 is 90.87237479806139%.
Testing Epoch: 19
The testing accuracy for epoch 19 is 89.85507246376811%.
Training Epoch: 20
The training accuracy for epoch 20 is 91.19547657512116%.
Testing Epoch: 20
The testing accuracy for epoch 20 is 92.02898550724638%.
Training Epoch: 21
The training accuracy for epoch 21 is 90.14539579967689%.
Testing Epoch: 21
The testing accuracy for epoch 21 is 93.47826086956522%.
Training Epoch: 22
The training accuracy for epoch 22 is 92.5686591276252%.
Testing Epoch: 22
The testing accuracy for epoch 22 is 97.82608695652173%.
Training Epoch: 23
The training accuracy for epoch 23 is 93.29563812600969%.
Testing Epoch: 23
The testing accuracy for epoch 23 is 92.02898550724638%.
Training Epoch: 24
The training accuracy for epoch 24 is 94.9919224555735%.
Testing Epoch: 24
The testing accuracy for epoch 24 is 97.82608695652173%.
Training Epoch: 25
The training accuracy for epoch 25 is 93.53796445880452%.
Testing Epoch: 25
The testing accuracy for epoch 25 is 93.47826086956522%.
Training Epoch: 26
The training accuracy for epoch 26 is 94.58804523424878%.
Testing Epoch: 26
The testing accuracy for epoch 26 is 97.10144927536231%.
Training Epoch: 27
The training accuracy for epoch 27 is 93.94184168012924%.
Testing Epoch: 27
The testing accuracy for epoch 27 is 92.02898550724638%.
Training Epoch: 28
The training accuracy for epoch 28 is 94.18416801292408%.
Testing Epoch: 28
The testing accuracy for epoch 28 is 97.10144927536231%.
Training Epoch: 29
The training accuracy for epoch 29 is 95.47657512116317%.
Testing Epoch: 29
The testing accuracy for epoch 29 is 97.10144927536231%.
Training Epoch: 30
The training accuracy for epoch 30 is 94.91114701130856%.
Testing Epoch: 30
The testing accuracy for epoch 30 is 94.92753623188406%.
Training Epoch: 31
The training accuracy for epoch 31 is 93.29563812600969%.
Testing Epoch: 31
The testing accuracy for epoch 31 is 93.47826086956522%.
Training Epoch: 32
The training accuracy for epoch 32 is 94.264943457189%.
Testing Epoch: 32
The testing accuracy for epoch 32 is 99.27536231884058%.
Training Epoch: 33
The training accuracy for epoch 33 is 94.10339256865913%.
Testing Epoch: 33
The testing accuracy for epoch 33 is 97.82608695652173%.
Training Epoch: 34
The training accuracy for epoch 34 is 95.79967689822294%.
Testing Epoch: 34
The testing accuracy for epoch 34 is 97.10144927536231%.
Training Epoch: 35
The training accuracy for epoch 35 is 96.20355411954766%.
Testing Epoch: 35
The testing accuracy for epoch 35 is 97.82608695652173%.
Training Epoch: 36
The training accuracy for epoch 36 is 96.20355411954766%.
Testing Epoch: 36
The testing accuracy for epoch 36 is 97.10144927536231%.
Training Epoch: 37
The training accuracy for epoch 37 is 96.20355411954766%.
Testing Epoch: 37
The testing accuracy for epoch 37 is 97.10144927536231%.
Training Epoch: 38
The training accuracy for epoch 38 is 96.04200323101777%.
Testing Epoch: 38
The testing accuracy for epoch 38 is 93.47826086956522%.
Training Epoch: 39
The training accuracy for epoch 39 is 95.07269789983846%.
Testing Epoch: 39
The testing accuracy for epoch 39 is 84.05797101449275%.
Training Epoch: 40
The training accuracy for epoch 40 is 94.83037156704361%.
Testing Epoch: 40
The testing accuracy for epoch 40 is 97.10144927536231%.
Training Epoch: 41
The training accuracy for epoch 41 is 96.12277867528272%.
Testing Epoch: 41
The testing accuracy for epoch 41 is 99.27536231884058%.
Training Epoch: 42
The training accuracy for epoch 42 is 96.76898222940227%.
Testing Epoch: 42
The testing accuracy for epoch 42 is 97.10144927536231%.
Training Epoch: 43
The training accuracy for epoch 43 is 97.09208400646203%.
Testing Epoch: 43
The testing accuracy for epoch 43 is 94.92753623188406%.
Training Epoch: 44
The training accuracy for epoch 44 is 97.09208400646203%.
Testing Epoch: 44
The testing accuracy for epoch 44 is 96.37681159420289%.
Training Epoch: 45
The training accuracy for epoch 45 is 97.09208400646203%.
Testing Epoch: 45
The testing accuracy for epoch 45 is 96.37681159420289%.
Training Epoch: 46
The training accuracy for epoch 46 is 96.12277867528272%.
Testing Epoch: 46
The testing accuracy for epoch 46 is 90.57971014492753%.
Training Epoch: 47
The training accuracy for epoch 47 is 97.09208400646203%.
Testing Epoch: 47
The testing accuracy for epoch 47 is 97.10144927536231%.
Training Epoch: 48
The training accuracy for epoch 48 is 96.93053311793214%.
Testing Epoch: 48
The testing accuracy for epoch 48 is 97.10144927536231%.
Training Epoch: 49
The training accuracy for epoch 49 is 96.93053311793214%.
Testing Epoch: 49
The testing accuracy for epoch 49 is 97.82608695652173%.
Training Epoch: 50
The training accuracy for epoch 50 is 97.4151857835218%.
Testing Epoch: 50
The testing accuracy for epoch 50 is 99.27536231884058%.
The top train accuracy is among 50 epochs is 97.4151857835218%.
The top test accuracy is among 50 epochs is 97.4151857835218%.
{'train_losses': [252.87425088882446, 27.877236396074295, 25.756610333919525, 24.744756132364273, 22.651974976062775, 22.534951150417328, 21.537985175848007, 21.178971618413925, 19.234983921051025, 18.394870102405548, 14.617088675498962, 13.977281801402569, 11.237899638712406, 12.270486146211624, 10.452853120863438, 8.791663981974125, 11.678078979253769, 9.156512632966042, 8.796865951269865, 9.392237201333046, 10.06511502712965, 7.859321653842926, 7.323455486446619, 6.465079672634602, 6.991694003343582, 6.695135422050953, 6.3277918584644794, 6.086935782805085, 5.917147860862315, 5.204075241461396, 7.101723460480571, 6.0425862316042185, 6.188670484349132, 4.8014265689998865, 4.546392576768994, 4.694490484893322, 5.194604692980647, 4.599258608184755, 5.082463651895523, 5.591371901333332, 4.418056594207883, 3.4293038733303547, 4.304485697299242, 3.6704466324299574, 3.4260261738672853, 4.458570308983326, 3.3790109176188707, 3.781945181079209, 3.965819132514298, 2.966403025202453], 'train_accuracies': [54.92730210016155, 63.24717285945073, 64.21647819063004, 64.78190630048465, 68.4168012924071, 69.78998384491115, 72.94022617124394, 73.74798061389338, 78.10985460420032, 81.01777059773829, 84.73344103392569, 87.47980613893377, 89.5799676898223, 88.61066235864298, 90.54927302100162, 92.24555735056543, 88.36833602584814, 90.54927302100162, 90.87237479806139, 91.19547657512116, 90.14539579967689, 92.5686591276252, 93.29563812600969, 94.9919224555735, 93.53796445880452, 94.58804523424878, 93.94184168012924, 94.18416801292408, 95.47657512116317, 94.91114701130856, 93.29563812600969, 94.264943457189, 94.10339256865913, 95.79967689822294, 96.20355411954766, 96.20355411954766, 96.20355411954766, 96.04200323101777, 95.07269789983846, 94.83037156704361, 96.12277867528272, 96.76898222940227, 97.09208400646203, 97.09208400646203, 97.09208400646203, 96.12277867528272, 97.09208400646203, 96.93053311793214, 96.93053311793214, 97.4151857835218], 'test_losses': [3.6878398060798645, 3.8487871289253235, 2.657878965139389, 2.8911776542663574, 3.1207255125045776, 4.011609077453613, 4.3459552526474, 2.6356016397476196, 2.8092583417892456, 1.9738600850105286, 2.090343564748764, 2.767633080482483, 0.9113982915878296, 1.6881181597709656, 1.2973453104496002, 1.8487368673086166, 1.0063484013080597, 1.1617267429828644, 0.9323303252458572, 1.1098452880978584, 0.9937098175287247, 0.6124354377388954, 1.1579544842243195, 0.37372564151883125, 0.8072027787566185, 0.4308062084019184, 0.9010777398943901, 0.6946783140301704, 0.340306781232357, 0.7610190883278847, 1.1476328670978546, 0.42727169767022133, 0.5223272182047367, 0.458262424916029, 0.43778926134109497, 0.24637181032449007, 0.533967137336731, 0.5826624855399132, 2.091922163963318, 0.2562689776532352, 0.18663661554455757, 0.4055313877761364, 0.6624342650175095, 0.3330261018127203, 0.307625949382782, 1.211199812591076, 0.28346018120646477, 0.42965513467788696, 0.3414085954427719, 0.16778580227401108], 'test_accuracies': [60.14492753623188, 68.84057971014492, 73.91304347826086, 73.91304347826086, 51.449275362318836, 50.0, 52.89855072463768, 68.84057971014492, 73.91304347826086, 88.40579710144928, 82.6086956521739, 75.36231884057972, 94.20289855072464, 82.6086956521739, 89.13043478260869, 85.5072463768116, 93.47826086956522, 94.20289855072464, 89.85507246376811, 92.02898550724638, 93.47826086956522, 97.82608695652173, 92.02898550724638, 97.82608695652173, 93.47826086956522, 97.10144927536231, 92.02898550724638, 97.10144927536231, 97.10144927536231, 94.92753623188406, 93.47826086956522, 99.27536231884058, 97.82608695652173, 97.10144927536231, 97.82608695652173, 97.10144927536231, 97.10144927536231, 93.47826086956522, 84.05797101449275, 97.10144927536231, 99.27536231884058, 97.10144927536231, 94.92753623188406, 96.37681159420289, 96.37681159420289, 90.57971014492753, 97.10144927536231, 97.10144927536231, 97.82608695652173, 99.27536231884058]}
