Running with optimizer sgd and with augmentation VerticalFlip
Training Epoch: 1
The training accuracy for epoch 1 is 48.86914378029079%.
Testing Epoch: 1
The testing accuracy for epoch 1 is 50.0%.
Training Epoch: 2
The training accuracy for epoch 2 is 49.919224555735056%.
Testing Epoch: 2
The testing accuracy for epoch 2 is 50.0%.
Training Epoch: 3
The training accuracy for epoch 3 is 51.8578352180937%.
Testing Epoch: 3
The testing accuracy for epoch 3 is 49.275362318840585%.
Training Epoch: 4
The training accuracy for epoch 4 is 51.37318255250404%.
Testing Epoch: 4
The testing accuracy for epoch 4 is 50.0%.
Training Epoch: 5
The training accuracy for epoch 5 is 48.22294022617125%.
Testing Epoch: 5
The testing accuracy for epoch 5 is 50.0%.
Training Epoch: 6
The training accuracy for epoch 6 is 49.03069466882068%.
Testing Epoch: 6
The testing accuracy for epoch 6 is 49.275362318840585%.
Training Epoch: 7
The training accuracy for epoch 7 is 49.919224555735056%.
Testing Epoch: 7
The testing accuracy for epoch 7 is 50.72463768115942%.
Training Epoch: 8
The training accuracy for epoch 8 is 50.56542810985461%.
Testing Epoch: 8
The testing accuracy for epoch 8 is 50.0%.
Training Epoch: 9
The training accuracy for epoch 9 is 51.21163166397415%.
Testing Epoch: 9
The testing accuracy for epoch 9 is 47.82608695652174%.
Training Epoch: 10
The training accuracy for epoch 10 is 51.050080775444265%.
Testing Epoch: 10
The testing accuracy for epoch 10 is 49.275362318840585%.
Training Epoch: 11
The training accuracy for epoch 11 is 52.66558966074314%.
Testing Epoch: 11
The testing accuracy for epoch 11 is 53.62318840579711%.
Training Epoch: 12
The training accuracy for epoch 12 is 49.515347334410336%.
Testing Epoch: 12
The testing accuracy for epoch 12 is 47.10144927536232%.
Training Epoch: 13
The training accuracy for epoch 13 is 51.77705977382876%.
Testing Epoch: 13
The testing accuracy for epoch 13 is 47.82608695652174%.
Training Epoch: 14
The training accuracy for epoch 14 is 53.06946688206785%.
Testing Epoch: 14
The testing accuracy for epoch 14 is 52.17391304347826%.
Training Epoch: 15
The training accuracy for epoch 15 is 73.66720516962843%.
Testing Epoch: 15
The testing accuracy for epoch 15 is 86.23188405797102%.
Training Epoch: 16
The training accuracy for epoch 16 is 84.81421647819063%.
Testing Epoch: 16
The testing accuracy for epoch 16 is 86.95652173913044%.
Training Epoch: 17
The training accuracy for epoch 17 is 88.36833602584814%.
Testing Epoch: 17
The testing accuracy for epoch 17 is 89.85507246376811%.
Training Epoch: 18
The training accuracy for epoch 18 is 90.30694668820679%.
Testing Epoch: 18
The testing accuracy for epoch 18 is 98.55072463768117%.
Training Epoch: 19
The training accuracy for epoch 19 is 91.68012924071083%.
Testing Epoch: 19
The testing accuracy for epoch 19 is 48.55072463768116%.
Training Epoch: 20
The training accuracy for epoch 20 is 93.94184168012924%.
Testing Epoch: 20
The testing accuracy for epoch 20 is 93.47826086956522%.
Training Epoch: 21
The training accuracy for epoch 21 is 94.66882067851373%.
Testing Epoch: 21
The testing accuracy for epoch 21 is 73.91304347826086%.
Training Epoch: 22
The training accuracy for epoch 22 is 95.31502423263328%.
Testing Epoch: 22
The testing accuracy for epoch 22 is 86.23188405797102%.
Training Epoch: 23
The training accuracy for epoch 23 is 96.4458804523425%.
Testing Epoch: 23
The testing accuracy for epoch 23 is 50.72463768115942%.
Training Epoch: 24
The training accuracy for epoch 24 is 96.93053311793214%.
Testing Epoch: 24
The testing accuracy for epoch 24 is 75.36231884057972%.
Training Epoch: 25
The training accuracy for epoch 25 is 96.04200323101777%.
Testing Epoch: 25
The testing accuracy for epoch 25 is 76.08695652173914%.
Training Epoch: 26
The training accuracy for epoch 26 is 96.8497576736672%.
Testing Epoch: 26
The testing accuracy for epoch 26 is 97.82608695652173%.
Training Epoch: 27
The training accuracy for epoch 27 is 97.4151857835218%.
Testing Epoch: 27
The testing accuracy for epoch 27 is 61.59420289855072%.
Training Epoch: 28
The training accuracy for epoch 28 is 96.8497576736672%.
Testing Epoch: 28
The testing accuracy for epoch 28 is 92.02898550724638%.
Training Epoch: 29
The training accuracy for epoch 29 is 96.04200323101777%.
Testing Epoch: 29
The testing accuracy for epoch 29 is 50.0%.
Training Epoch: 30
The training accuracy for epoch 30 is 97.65751211631664%.
Testing Epoch: 30
The testing accuracy for epoch 30 is 76.81159420289855%.
Training Epoch: 31
The training accuracy for epoch 31 is 97.4151857835218%.
Testing Epoch: 31
The testing accuracy for epoch 31 is 100.0%.
Training Epoch: 32
The training accuracy for epoch 32 is 97.65751211631664%.
Testing Epoch: 32
The testing accuracy for epoch 32 is 97.10144927536231%.
Training Epoch: 33
The training accuracy for epoch 33 is 96.36510500807755%.
Testing Epoch: 33
The testing accuracy for epoch 33 is 100.0%.
Training Epoch: 34
The training accuracy for epoch 34 is 97.33441033925686%.
Testing Epoch: 34
The testing accuracy for epoch 34 is 52.17391304347826%.
Training Epoch: 35
The training accuracy for epoch 35 is 96.93053311793214%.
Testing Epoch: 35
The testing accuracy for epoch 35 is 99.27536231884058%.
Training Epoch: 36
The training accuracy for epoch 36 is 98.38449111470113%.
Testing Epoch: 36
The testing accuracy for epoch 36 is 96.37681159420289%.
Training Epoch: 37
The training accuracy for epoch 37 is 96.76898222940227%.
Testing Epoch: 37
The testing accuracy for epoch 37 is 50.72463768115942%.
Training Epoch: 38
The training accuracy for epoch 38 is 96.4458804523425%.
Testing Epoch: 38
The testing accuracy for epoch 38 is 98.55072463768117%.
Training Epoch: 39
The training accuracy for epoch 39 is 98.06138933764136%.
Testing Epoch: 39
The testing accuracy for epoch 39 is 89.85507246376811%.
Training Epoch: 40
The training accuracy for epoch 40 is 98.78836833602584%.
Testing Epoch: 40
The testing accuracy for epoch 40 is 100.0%.
Training Epoch: 41
The training accuracy for epoch 41 is 96.76898222940227%.
Testing Epoch: 41
The testing accuracy for epoch 41 is 98.55072463768117%.
Training Epoch: 42
The training accuracy for epoch 42 is 97.89983844911147%.
Testing Epoch: 42
The testing accuracy for epoch 42 is 60.14492753623188%.
Training Epoch: 43
The training accuracy for epoch 43 is 98.38449111470113%.
Testing Epoch: 43
The testing accuracy for epoch 43 is 98.55072463768117%.
Training Epoch: 44
The training accuracy for epoch 44 is 97.5767366720517%.
Testing Epoch: 44
The testing accuracy for epoch 44 is 94.20289855072464%.
Training Epoch: 45
The training accuracy for epoch 45 is 98.30371567043619%.
Testing Epoch: 45
The testing accuracy for epoch 45 is 77.53623188405797%.
Training Epoch: 46
The training accuracy for epoch 46 is 97.73828756058158%.
Testing Epoch: 46
The testing accuracy for epoch 46 is 50.0%.
Training Epoch: 47
The training accuracy for epoch 47 is 98.46526655896606%.
Testing Epoch: 47
The testing accuracy for epoch 47 is 50.0%.
Training Epoch: 48
The training accuracy for epoch 48 is 97.81906300484653%.
Testing Epoch: 48
The testing accuracy for epoch 48 is 100.0%.
Training Epoch: 49
The training accuracy for epoch 49 is 96.68820678513733%.
Testing Epoch: 49
The testing accuracy for epoch 49 is 93.47826086956522%.
Training Epoch: 50
The training accuracy for epoch 50 is 97.5767366720517%.
Testing Epoch: 50
The testing accuracy for epoch 50 is 97.10144927536231%.
The top train accuracy is among 50 epochs is 98.78836833602584%.
The top test accuracy is among 50 epochs is 97.81906300484653%.
{'train_losses': [463.29941856861115, 40.45854127407074, 38.21520262956619, 30.395651936531067, 29.958764016628265, 29.396826922893524, 28.646492898464203, 28.904884576797485, 28.224257349967957, 28.364265382289886, 28.08400148153305, 28.16954094171524, 27.95175349712372, 27.99358820915222, 21.740565061569214, 14.739755764603615, 11.940191924571991, 9.898281326517463, 8.943501092493534, 6.404425447806716, 6.575940474867821, 5.809489291161299, 4.518004423938692, 3.6170725817792118, 5.3234201753512025, 4.835218332242221, 3.1726687625050545, 4.274647349491715, 5.162925312295556, 3.2005785098299384, 3.6780601209029555, 3.246307344874367, 4.943008862435818, 3.910846635233611, 3.489822729025036, 2.909353771188762, 3.9855368102435023, 4.120058475062251, 2.785573113244027, 1.5901263672858477, 4.184118257835507, 3.2198712415993214, 2.0779158492805436, 2.890469656791538, 2.2489993118215352, 3.1409656703472137, 2.241630520031322, 2.763988386839628, 4.407146886922419, 3.412618941627443], 'train_accuracies': [48.86914378029079, 49.919224555735056, 51.8578352180937, 51.37318255250404, 48.22294022617125, 49.03069466882068, 49.919224555735056, 50.56542810985461, 51.21163166397415, 51.050080775444265, 52.66558966074314, 49.515347334410336, 51.77705977382876, 53.06946688206785, 73.66720516962843, 84.81421647819063, 88.36833602584814, 90.30694668820679, 91.68012924071083, 93.94184168012924, 94.66882067851373, 95.31502423263328, 96.4458804523425, 96.93053311793214, 96.04200323101777, 96.8497576736672, 97.4151857835218, 96.8497576736672, 96.04200323101777, 97.65751211631664, 97.4151857835218, 97.65751211631664, 96.36510500807755, 97.33441033925686, 96.93053311793214, 98.38449111470113, 96.76898222940227, 96.4458804523425, 98.06138933764136, 98.78836833602584, 96.76898222940227, 97.89983844911147, 98.38449111470113, 97.5767366720517, 98.30371567043619, 97.73828756058158, 98.46526655896606, 97.81906300484653, 96.68820678513733, 97.5767366720517], 'test_losses': [6.112471699714661, 9.324759244918823, 4.332796096801758, 3.855650305747986, 3.72988623380661, 3.816740334033966, 3.6647719740867615, 3.669760227203369, 3.568828582763672, 3.6384278535842896, 3.5538769364356995, 3.577853262424469, 3.6711626648902893, 3.4668410420417786, 1.712086945772171, 1.777517780661583, 1.7521942481398582, 0.22823133785277605, 10.59244441986084, 0.8884492442011833, 4.029097944498062, 1.501501202583313, 6.513359427452087, 3.2256118953227997, 3.737989157438278, 0.3320956528186798, 6.057464420795441, 0.9399624168872833, 6.8042250871658325, 3.7992368936538696, 0.0662875697016716, 0.3474857583642006, 0.10854335315525532, 6.806758880615234, 0.16173000307753682, 0.5438803248107433, 6.29970508813858, 0.14889460429549217, 1.1577512845396996, 0.043173224199563265, 0.17813508864492178, 6.008911669254303, 0.17963432148098946, 0.6656628474593163, 4.0858564376831055, 8.911823987960815, 8.606564283370972, 0.04008708684705198, 0.9504517912864685, 0.19987541902810335], 'test_accuracies': [50.0, 50.0, 49.275362318840585, 50.0, 50.0, 49.275362318840585, 50.72463768115942, 50.0, 47.82608695652174, 49.275362318840585, 53.62318840579711, 47.10144927536232, 47.82608695652174, 52.17391304347826, 86.23188405797102, 86.95652173913044, 89.85507246376811, 98.55072463768117, 48.55072463768116, 93.47826086956522, 73.91304347826086, 86.23188405797102, 50.72463768115942, 75.36231884057972, 76.08695652173914, 97.82608695652173, 61.59420289855072, 92.02898550724638, 50.0, 76.81159420289855, 100.0, 97.10144927536231, 100.0, 52.17391304347826, 99.27536231884058, 96.37681159420289, 50.72463768115942, 98.55072463768117, 89.85507246376811, 100.0, 98.55072463768117, 60.14492753623188, 98.55072463768117, 94.20289855072464, 77.53623188405797, 50.0, 50.0, 100.0, 93.47826086956522, 97.10144927536231]}
