Running with optimizer sgd and with augmentation CenterCrop
Training Epoch: 1
The best accuracy for epoch 1 is 66.875%.
Testing Epoch: 1
Training Epoch: 2
The best accuracy for epoch 2 is 78.125%.
Testing Epoch: 2
Training Epoch: 3
The best accuracy for epoch 3 is 84.375%.
Testing Epoch: 3
Training Epoch: 4
The best accuracy for epoch 4 is 84.375%.
Testing Epoch: 4
Training Epoch: 5
The best accuracy for epoch 5 is 75.92905405405406%.
Testing Epoch: 5
Training Epoch: 6
The best accuracy for epoch 6 is 87.23747980613894%.
Testing Epoch: 6
Training Epoch: 7
The best accuracy for epoch 7 is 95.1086956521739%.
Testing Epoch: 7
Training Epoch: 8
The best accuracy for epoch 8 is 73.50565428109854%.
Testing Epoch: 8
Training Epoch: 9
The best accuracy for epoch 9 is 93.75%.
Testing Epoch: 9
Training Epoch: 10
The best accuracy for epoch 10 is 100.0%.
Testing Epoch: 10
Training Epoch: 11
The best accuracy for epoch 11 is 99.375%.
Testing Epoch: 11
Training Epoch: 12
The best accuracy for epoch 12 is 97.74305555555556%.
Testing Epoch: 12
Training Epoch: 13
The best accuracy for epoch 13 is 100.0%.
Testing Epoch: 13
Training Epoch: 14
The best accuracy for epoch 14 is 100.0%.
Testing Epoch: 14
Training Epoch: 15
The best accuracy for epoch 15 is 100.0%.
Testing Epoch: 15
Training Epoch: 16
The best accuracy for epoch 16 is 99.35379644588045%.
Testing Epoch: 16
Training Epoch: 17
The best accuracy for epoch 17 is 100.0%.
Testing Epoch: 17
Training Epoch: 18
The best accuracy for epoch 18 is 100.0%.
Testing Epoch: 18
Training Epoch: 19
The best accuracy for epoch 19 is 100.0%.
Testing Epoch: 19
Training Epoch: 20
The best accuracy for epoch 20 is 100.0%.
Testing Epoch: 20
Training Epoch: 21
The best accuracy for epoch 21 is 99.51534733441034%.
Testing Epoch: 21
Training Epoch: 22
The best accuracy for epoch 22 is 100.0%.
Testing Epoch: 22
Training Epoch: 23
The best accuracy for epoch 23 is 100.0%.
Testing Epoch: 23
Training Epoch: 24
The best accuracy for epoch 24 is 100.0%.
Testing Epoch: 24
Training Epoch: 25
The best accuracy for epoch 25 is 100.0%.
Testing Epoch: 25
Training Epoch: 26
The best accuracy for epoch 26 is 100.0%.
Testing Epoch: 26
Training Epoch: 27
The best accuracy for epoch 27 is 100.0%.
Testing Epoch: 27
Training Epoch: 28
The best accuracy for epoch 28 is 100.0%.
Testing Epoch: 28
Training Epoch: 29
The best accuracy for epoch 29 is 99.43181818181817%.
Testing Epoch: 29
Training Epoch: 30
The best accuracy for epoch 30 is 100.0%.
Testing Epoch: 30
Training Epoch: 31
The best accuracy for epoch 31 is 100.0%.
Testing Epoch: 31
Training Epoch: 32
The best accuracy for epoch 32 is 100.0%.
Testing Epoch: 32
Training Epoch: 33
The best accuracy for epoch 33 is 100.0%.
Testing Epoch: 33
Training Epoch: 34
The best accuracy for epoch 34 is 100.0%.
Testing Epoch: 34
Training Epoch: 35
The best accuracy for epoch 35 is 100.0%.
Testing Epoch: 35
Training Epoch: 36
The best accuracy for epoch 36 is 99.51923076923077%.
Testing Epoch: 36
Training Epoch: 37
The best accuracy for epoch 37 is 100.0%.
Testing Epoch: 37
Training Epoch: 38
The best accuracy for epoch 38 is 100.0%.
Testing Epoch: 38
Training Epoch: 39
The best accuracy for epoch 39 is 100.0%.
Testing Epoch: 39
Training Epoch: 40
The best accuracy for epoch 40 is 100.0%.
Testing Epoch: 40
Training Epoch: 41
The best accuracy for epoch 41 is 100.0%.
Testing Epoch: 41
Training Epoch: 42
The best accuracy for epoch 42 is 100.0%.
Testing Epoch: 42
Training Epoch: 43
The best accuracy for epoch 43 is 100.0%.
Testing Epoch: 43
Training Epoch: 44
The best accuracy for epoch 44 is 100.0%.
Testing Epoch: 44
Training Epoch: 45
The best accuracy for epoch 45 is 100.0%.
Testing Epoch: 45
Training Epoch: 46
The best accuracy for epoch 46 is 100.0%.
Testing Epoch: 46
Training Epoch: 47
The best accuracy for epoch 47 is 100.0%.
Testing Epoch: 47
Training Epoch: 48
The best accuracy for epoch 48 is 100.0%.
Testing Epoch: 48
Training Epoch: 49
The best accuracy for epoch 49 is 100.0%.
Testing Epoch: 49
Training Epoch: 50
The best accuracy for epoch 50 is 100.0%.
Testing Epoch: 50
The top train accuracy is among 50 epochs is 100.0%.
The top test accuracy is among 50 epochs is 100.0%.
{'train_losses': [47.136113822460175, 49.047350227832794, 35.912841469049454, 39.902853950858116, 51.2704564165324, 22.667636336758733, 16.189002378843725, 27.257301688194275, 18.00732633145526, 6.256250875536352, 3.2524001259880606, 2.7408611117862165, 1.018673853133805, 1.8539983737282455, 1.1618268804159015, 0.843926626490429, 0.8443746609264053, 0.9129956733668223, 0.5537605085410178, 1.054519741795957, 0.5286693465895951, 0.4559888897347264, 0.5847991300397553, 0.53838525142055, 0.3071258207783103, 0.33383878297172487, 0.38847010547760874, 0.7845409790752456, 0.9125407290412113, 0.39812371431617066, 0.3991127022309229, 0.5645549417531583, 2.8842136033345014, 0.7969352632644586, 0.5986835164949298, 0.5014713068958372, 0.504651939321775, 0.4094104876858182, 0.3284544366179034, 0.24495985894463956, 0.20574880595086142, 0.2059444468759466, 0.1467037705006078, 1.0445626626897138, 1.4775828013080172, 0.8032069699838758, 0.6173599896719679, 0.6375670384149998, 10.603603769210167, 2.808162692002952], 'top_train_accuracies': [66.875, 78.125, 84.375, 84.375, 75.92905405405406, 87.23747980613894, 95.1086956521739, 73.50565428109854, 93.75, 100.0, 99.375, 97.74305555555556, 100.0, 100.0, 100.0, 99.35379644588045, 100.0, 100.0, 100.0, 100.0, 99.51534733441034, 100.0, 100.0, 100.0, 100.0, 100.0, 100.0, 100.0, 99.43181818181817, 100.0, 100.0, 100.0, 100.0, 100.0, 100.0, 99.51923076923077, 100.0, 100.0, 100.0, 100.0, 100.0, 100.0, 100.0, 100.0, 100.0, 100.0, 100.0, 100.0, 100.0, 100.0], 'test_losses': [2272.9429626464844, 117.38322067260742, 4.8646997809410095, 6.86727374792099, 1.9548312947154045, 5.8532475233078, 5.930971622467041, 2.295220747590065, 5.187873721122742, 3.72387558221817, 6.692148923873901, 0.40131284669041634, 0.1099409218877554, 0.9787886366248131, 7.518125414848328, 0.09254995407536626, 0.05211348319426179, 0.0800137601327151, 0.0666794958524406, 0.10004917345941067, 0.047414760338142514, 0.027434769202955067, 0.07380424556322396, 0.10441211750730872, 0.02624333428684622, 0.030584899897803552, 0.026007757522165775, 5.627333283424377, 0.15026500448584557, 0.08579557610210031, 0.056128363125026226, 8.714596033096313, 0.03950434410944581, 0.02642905234824866, 0.02534547948744148, 0.029630805947817862, 0.027286358003038913, 0.036906356224790215, 0.03526050108484924, 0.020845047663897276, 0.03569409134797752, 0.017617620178498328, 0.07922192147816531, 1.1447979137301445, 0.8263833046075888, 0.06126265460625291, 0.05142461019568145, 0.029630190489115193, 0.2904847450554371, 7.028760135173798], 'top_test_accuracies': [65.625, 50.0, 70.3125, 70.3125, 96.875, 50.78125, 47.65625, 87.5, 60.9375, 60.86956521739131, 51.5625, 96.875, 98.55072463768117, 96.875, 59.375, 99.27536231884058, 100.0, 99.27536231884058, 100.0, 100.0, 100.0, 100.0, 100.0, 100.0, 100.0, 100.0, 100.0, 71.875, 100.0, 99.27536231884058, 98.95833333333334, 65.625, 100.0, 100.0, 100.0, 100.0, 100.0, 100.0, 100.0, 100.0, 100.0, 100.0, 99.27536231884058, 90.57971014492753, 100.0, 100.0, 100.0, 100.0, 97.10144927536231, 50.0], 'train_times': [34.338689698, 31.005714081, 31.114791543, 31.210398926, 31.213451082, 31.207177291, 31.178320086, 31.201225459, 31.187691974, 31.190875432, 31.177907469, 31.178693941, 31.174440837, 31.184670088, 31.201571114, 31.203495976, 31.1925885, 31.201513159, 31.181155277, 31.173255922, 31.183489747, 31.230482868, 31.20044387, 31.183218735, 31.195890268, 31.194507639, 31.179270051, 31.196825291, 31.190855247, 31.1929086, 31.178630034, 31.192405719, 31.189436549, 31.187761838, 31.181851817, 31.170396755, 31.181400902, 31.183044661, 31.185013758, 31.195942818, 31.188657211, 31.178865009, 31.178181442, 31.188411, 31.168664515, 31.182983604, 31.179311974, 31.19369362, 31.204144036, 31.178442895], 'test_times': [1.011953135, 1.01120244, 1.01386147, 1.014510275, 1.013066371, 1.013539526, 1.012284804, 1.011404495, 1.012950512, 1.01288042, 1.013776119, 1.013588791, 1.013233358, 1.013785075, 1.013413062, 1.013496036, 1.013921906, 1.013931754, 1.014052255, 1.014126322, 1.014502937, 1.013484376, 1.013692673, 1.014130616, 1.012750537, 1.013550481, 1.013813436, 1.013049934, 1.013680569, 1.013595282, 1.014726561, 1.013907765, 1.014180903, 1.014309316, 1.013847907, 1.014234212, 1.013596245, 1.013684143, 1.013444134, 1.014377948, 1.014100895, 1.012649625, 1.012963411, 1.012606119, 1.013244352, 1.013461954, 1.013678493, 1.013232839, 1.013450492, 1.014113479]}
