Running with optimizer sgd and with augmentation ColorJitter
Training Epoch: 1
The best accuracy for epoch 1 is 51.37318255250404%.
Testing Epoch: 1
Training Epoch: 2
The best accuracy for epoch 2 is 68.75%.
Testing Epoch: 2
Training Epoch: 3
The best accuracy for epoch 3 is 63.24717285945073%.
Testing Epoch: 3
Training Epoch: 4
The best accuracy for epoch 4 is 72.19827586206897%.
Testing Epoch: 4
Training Epoch: 5
The best accuracy for epoch 5 is 82.03125%.
Testing Epoch: 5
Training Epoch: 6
The best accuracy for epoch 6 is 73.42487883683361%.
Testing Epoch: 6
Training Epoch: 7
The best accuracy for epoch 7 is 83.03571428571429%.
Testing Epoch: 7
Training Epoch: 8
The best accuracy for epoch 8 is 93.75%.
Testing Epoch: 8
Training Epoch: 9
The best accuracy for epoch 9 is 89.0625%.
Testing Epoch: 9
Training Epoch: 10
The best accuracy for epoch 10 is 93.75%.
Testing Epoch: 10
Training Epoch: 11
The best accuracy for epoch 11 is 85.21809369951535%.
Testing Epoch: 11
Training Epoch: 12
The best accuracy for epoch 12 is 89.93055555555556%.
Testing Epoch: 12
Training Epoch: 13
The best accuracy for epoch 13 is 96.875%.
Testing Epoch: 13
Training Epoch: 14
The best accuracy for epoch 14 is 92.5%.
Testing Epoch: 14
Training Epoch: 15
The best accuracy for epoch 15 is 92.1875%.
Testing Epoch: 15
Training Epoch: 16
The best accuracy for epoch 16 is 90.79159935379644%.
Testing Epoch: 16
Training Epoch: 17
The best accuracy for epoch 17 is 94.95192307692307%.
Testing Epoch: 17
Training Epoch: 18
The best accuracy for epoch 18 is 93.75%.
Testing Epoch: 18
Training Epoch: 19
The best accuracy for epoch 19 is 94.53125%.
Testing Epoch: 19
Training Epoch: 20
The best accuracy for epoch 20 is 96.875%.
Testing Epoch: 20
Training Epoch: 21
The best accuracy for epoch 21 is 93.75%.
Testing Epoch: 21
Training Epoch: 22
The best accuracy for epoch 22 is 93.75%.
Testing Epoch: 22
Training Epoch: 23
The best accuracy for epoch 23 is 96.63461538461539%.
Testing Epoch: 23
Training Epoch: 24
The best accuracy for epoch 24 is 93.75%.
Testing Epoch: 24
Training Epoch: 25
The best accuracy for epoch 25 is 98.4375%.
Testing Epoch: 25
Training Epoch: 26
The best accuracy for epoch 26 is 96.5625%.
Testing Epoch: 26
Training Epoch: 27
The best accuracy for epoch 27 is 93.75%.
Testing Epoch: 27
Training Epoch: 28
The best accuracy for epoch 28 is 93.75%.
Testing Epoch: 28
Training Epoch: 29
The best accuracy for epoch 29 is 96.875%.
Testing Epoch: 29
Training Epoch: 30
The best accuracy for epoch 30 is 91.66666666666666%.
Testing Epoch: 30
Training Epoch: 31
The best accuracy for epoch 31 is 93.01470588235294%.
Testing Epoch: 31
Training Epoch: 32
The best accuracy for epoch 32 is 96.35416666666666%.
Testing Epoch: 32
Training Epoch: 33
The best accuracy for epoch 33 is 96.875%.
Testing Epoch: 33
Training Epoch: 34
The best accuracy for epoch 34 is 98.4375%.
Testing Epoch: 34
Training Epoch: 35
The best accuracy for epoch 35 is 100.0%.
Testing Epoch: 35
Training Epoch: 36
The best accuracy for epoch 36 is 95.703125%.
Testing Epoch: 36
Training Epoch: 37
The best accuracy for epoch 37 is 100.0%.
Testing Epoch: 37
Training Epoch: 38
The best accuracy for epoch 38 is 96.875%.
Testing Epoch: 38
Training Epoch: 39
The best accuracy for epoch 39 is 96.71052631578947%.
Testing Epoch: 39
Training Epoch: 40
The best accuracy for epoch 40 is 96.875%.
Testing Epoch: 40
Training Epoch: 41
The best accuracy for epoch 41 is 96.65178571428571%.
Testing Epoch: 41
Training Epoch: 42
The best accuracy for epoch 42 is 100.0%.
Testing Epoch: 42
Training Epoch: 43
The best accuracy for epoch 43 is 100.0%.
Testing Epoch: 43
Training Epoch: 44
The best accuracy for epoch 44 is 98.75%.
Testing Epoch: 44
Training Epoch: 45
The best accuracy for epoch 45 is 100.0%.
Testing Epoch: 45
Training Epoch: 46
The best accuracy for epoch 46 is 98.4375%.
Testing Epoch: 46
Training Epoch: 47
The best accuracy for epoch 47 is 96.875%.
Testing Epoch: 47
Training Epoch: 48
The best accuracy for epoch 48 is 100.0%.
Testing Epoch: 48
Training Epoch: 49
The best accuracy for epoch 49 is 96.875%.
Testing Epoch: 49
Training Epoch: 50
The best accuracy for epoch 50 is 97.5%.
Testing Epoch: 50
The top train accuracy is among 50 epochs is 100.0%.
The top test accuracy is among 50 epochs is 100.0%.
{'train_losses': [45.64269578456879, 31.633511185646057, 30.78985521197319, 27.85284259915352, 24.647929310798645, 23.836710810661316, 19.084056600928307, 18.36878364533186, 14.689894363284111, 13.37432473897934, 14.976077437400818, 12.11046577244997, 10.714489057660103, 11.282589748501778, 10.21702466160059, 9.100789982825518, 7.785609271377325, 7.54080057144165, 7.941769871860743, 7.764726288616657, 9.389156877994537, 8.453040789812803, 6.495740434154868, 8.228162854909897, 5.696116182953119, 5.702561106532812, 6.618428010493517, 7.66938741132617, 6.372203599661589, 11.853683099150658, 7.042439546436071, 5.999578606337309, 6.330413373187184, 6.140939084812999, 5.858676355332136, 5.00455953925848, 4.787169037386775, 6.477025426924229, 5.044249322265387, 5.5160677172243595, 5.912757385522127, 5.2620767299085855, 5.0634977938607335, 5.268960332497954, 4.009241102263331, 3.8363316021859646, 4.379552686586976, 3.461353089660406, 3.6543361339718103, 3.763347971253097], 'top_train_accuracies': t, 'test_losses': [77.12968826293945, 729.9179611206055, 11.956125497817993, 2.3584331572055817, 51.34420680999756, 2.4726870954036713, 2.2467578649520874, 4.670083105564117, 0.8512345664203167, 7.896613121032715, 0.9807734340429306, 1.4595720171928406, 4.619610786437988, 9.925190567970276, 1.3458877503871918, 1.0186775028705597, 1.5502534806728363, 1.478707805275917, 0.9159406907856464, 2.976416289806366, 1.5813541859388351, 1.305199921131134, 5.525717914104462, 1.3043545931577682, 1.1963462382555008, 1.147638127207756, 4.499131068587303, 0.7580591980367899, 2.7380500435829163, 1.1235166043043137, 0.5238091889768839, 1.3750010430812836, 2.1048699766397476, 0.7975155785679817, 2.1011637449264526, 1.1494874954223633, 0.29586783796548843, 0.8805536814033985, 0.5109156258404255, 4.2643619775772095, 0.900888092815876, 2.500158280134201, 0.7155142948031425, 0.6900736391544342, 0.26226443611085415, 0.6234092488884926, 0.38371409848332405, 0.2656802674755454, 0.4157046265900135, 0.2864418812096119], 'top_test_accuracies': [50.78125, 50.0, 50.0, 90.625, 51.5625, 80.20833333333334, 84.375, 65.625, 93.75, 53.125, 96.875, 92.1875, 90.625, 51.5625, 96.875, 96.875, 87.5, 91.30434782608695, 92.7536231884058, 84.78260869565217, 93.75, 89.13043478260869, 59.375, 89.84375, 93.75, 89.13043478260869, 84.78260869565217, 99.21875, 71.875, 91.30434782608695, 96.875, 93.75, 89.13043478260869, 96.875, 84.05797101449275, 96.875, 98.95833333333334, 97.91666666666666, 100.0, 56.25, 98.4375, 80.20833333333334, 96.875, 93.47826086956522, 98.95833333333334, 96.37681159420289, 97.82608695652173, 98.55072463768117, 96.875, 97.91666666666666], 'train_times': [35.721613954, 35.41757385, 35.49387718, 35.538199223, 35.573601393, 35.608771467, 35.620921437, 35.638948164, 35.644094763, 35.677652497, 35.650650203, 35.661859139, 35.663097536, 35.662059737, 35.672567857, 35.699655352, 35.735711236, 35.721442934, 35.726650593, 35.72549797, 35.724938834, 35.720140179, 35.729296824, 35.722717386, 35.722094693, 35.723305068, 35.728722582, 35.735399552, 35.736138787, 35.720148876, 35.742348607, 35.725249457, 35.737150515, 35.723249928, 35.730901211, 35.732996708, 35.742462519, 35.730362851, 35.731038592, 35.735284412, 35.733305959, 35.747225718, 35.744838734, 35.743540104, 35.751002329, 35.743326364, 35.749000181, 35.734515986, 35.731092471, 35.728541258], 'test_times': [1.17571568, 1.176253095, 1.176992819, 1.17777644, 1.180393733, 1.177507706, 1.178302029, 1.179497406, 1.179136164, 1.17938906, 1.179582942, 1.179913477, 1.181340484, 1.180140202, 1.179752726, 1.181789292, 1.181190167, 1.180848791, 1.182083773, 1.18042558, 1.180961599, 1.178958812, 1.178456199, 1.178800464, 1.179026302, 1.180009988, 1.178160849, 1.17952308, 1.18098521, 1.179536599, 1.180528682, 1.180109165, 1.180264853, 1.180987542, 1.180539062, 1.175226241, 1.180740746, 1.18137194, 1.18229968, 1.181549521, 1.180864121, 1.181902875, 1.180809123, 1.181014057, 1.180198874, 1.178986194, 1.180576318, 1.180875577, 1.180223146, 1.18043476]}
