Running with optimizer sgd and with augmentation HorizontalFlip
Training Epoch: 1
The best accuracy for epoch 1 is 71.80936995153473%.
Testing Epoch: 1
Training Epoch: 2
The best accuracy for epoch 2 is 92.91666666666667%.
Testing Epoch: 2
Training Epoch: 3
The best accuracy for epoch 3 is 59.375%.
Testing Epoch: 3
Training Epoch: 4
The best accuracy for epoch 4 is 71.875%.
Testing Epoch: 4
Training Epoch: 5
The best accuracy for epoch 5 is 77.46365105008077%.
Testing Epoch: 5
Training Epoch: 6
The best accuracy for epoch 6 is 96.44097222222221%.
Testing Epoch: 6
Training Epoch: 7
The best accuracy for epoch 7 is 98.95833333333334%.
Testing Epoch: 7
Training Epoch: 8
The best accuracy for epoch 8 is 98.4375%.
Testing Epoch: 8
Training Epoch: 9
The best accuracy for epoch 9 is 98.4375%.
Testing Epoch: 9
Training Epoch: 10
The best accuracy for epoch 10 is 98.81756756756756%.
Testing Epoch: 10
Training Epoch: 11
The best accuracy for epoch 11 is 98.828125%.
Testing Epoch: 11
Training Epoch: 12
The best accuracy for epoch 12 is 100.0%.
Testing Epoch: 12
Training Epoch: 13
The best accuracy for epoch 13 is 76.04166666666666%.
Testing Epoch: 13
Training Epoch: 14
The best accuracy for epoch 14 is 83.91544117647058%.
Testing Epoch: 14
Training Epoch: 15
The best accuracy for epoch 15 is 93.75%.
Testing Epoch: 15
Training Epoch: 16
The best accuracy for epoch 16 is 97.20394736842105%.
Testing Epoch: 16
Training Epoch: 17
The best accuracy for epoch 17 is 100.0%.
Testing Epoch: 17
Training Epoch: 18
The best accuracy for epoch 18 is 100.0%.
Testing Epoch: 18
Training Epoch: 19
The best accuracy for epoch 19 is 100.0%.
Testing Epoch: 19
Training Epoch: 20
The best accuracy for epoch 20 is 98.4375%.
Testing Epoch: 20
Training Epoch: 21
The best accuracy for epoch 21 is 100.0%.
Testing Epoch: 21
Training Epoch: 22
The best accuracy for epoch 22 is 100.0%.
Testing Epoch: 22
Training Epoch: 23
The best accuracy for epoch 23 is 100.0%.
Testing Epoch: 23
Training Epoch: 24
The best accuracy for epoch 24 is 100.0%.
Testing Epoch: 24
Training Epoch: 25
The best accuracy for epoch 25 is 98.4375%.
Testing Epoch: 25
Training Epoch: 26
The best accuracy for epoch 26 is 100.0%.
Testing Epoch: 26
Training Epoch: 27
The best accuracy for epoch 27 is 98.125%.
Testing Epoch: 27
Training Epoch: 28
The best accuracy for epoch 28 is 99.21875%.
Testing Epoch: 28
Training Epoch: 29
The best accuracy for epoch 29 is 99.26470588235294%.
Testing Epoch: 29
Training Epoch: 30
The best accuracy for epoch 30 is 100.0%.
Testing Epoch: 30
Training Epoch: 31
The best accuracy for epoch 31 is 98.95833333333334%.
Testing Epoch: 31
Training Epoch: 32
The best accuracy for epoch 32 is 100.0%.
Testing Epoch: 32
Training Epoch: 33
The best accuracy for epoch 33 is 99.75961538461539%.
Testing Epoch: 33
Training Epoch: 34
The best accuracy for epoch 34 is 100.0%.
Testing Epoch: 34
Training Epoch: 35
The best accuracy for epoch 35 is 100.0%.
Testing Epoch: 35
Training Epoch: 36
The best accuracy for epoch 36 is 100.0%.
Testing Epoch: 36
Training Epoch: 37
The best accuracy for epoch 37 is 99.90234375%.
Testing Epoch: 37
Training Epoch: 38
The best accuracy for epoch 38 is 100.0%.
Testing Epoch: 38
Training Epoch: 39
The best accuracy for epoch 39 is 100.0%.
Testing Epoch: 39
Training Epoch: 40
The best accuracy for epoch 40 is 100.0%.
Testing Epoch: 40
Training Epoch: 41
The best accuracy for epoch 41 is 99.77678571428571%.
Testing Epoch: 41
Training Epoch: 42
The best accuracy for epoch 42 is 99.35344827586206%.
Testing Epoch: 42
Training Epoch: 43
The best accuracy for epoch 43 is 100.0%.
Testing Epoch: 43
Training Epoch: 44
The best accuracy for epoch 44 is 100.0%.
Testing Epoch: 44
Training Epoch: 45
The best accuracy for epoch 45 is 99.75961538461539%.
Testing Epoch: 45
Training Epoch: 46
The best accuracy for epoch 46 is 100.0%.
Testing Epoch: 46
Training Epoch: 47
The best accuracy for epoch 47 is 100.0%.
Testing Epoch: 47
Training Epoch: 48
The best accuracy for epoch 48 is 99.21875%.
Testing Epoch: 48
Training Epoch: 49
The best accuracy for epoch 49 is 99.375%.
Testing Epoch: 49
Training Epoch: 50
The best accuracy for epoch 50 is 100.0%.
Testing Epoch: 50
The top train accuracy is among 50 epochs is 100.0%.
The top test accuracy is among 50 epochs is 100.0%.
{'train_losses': [35.225705590099096, 39.69406983535737, 34.139710664749146, 34.04976165294647, 22.054665997624397, 4.207543179159984, 2.068700653500855, 6.86268145032227, 2.2744686412625015, 1.6438981314422563, 2.240266430657357, 37.75443046330474, 33.940429359674454, 19.86332881450653, 11.061661690473557, 6.151311244815588, 3.9813856426626444, 5.284435033798218, 3.1511471807025373, 2.695097150746733, 3.4396741120144725, 1.681055416353047, 1.8191503713605925, 6.436190909706056, 2.594191676704213, 6.871168190613389, 2.9642714438959956, 1.9765227176249027, 2.4359355201013386, 2.4793256265111268, 3.620063904672861, 1.895872766384855, 1.1625442263903096, 1.5271480488590896, 1.0396991989109665, 1.2176000669132918, 0.5836692765587941, 0.8982290787389502, 0.8249973345082253, 0.9331466689473018, 0.662364604708273, 1.023198981070891, 0.8239139675861225, 0.9853739535319619, 0.7417102340259589, 0.9955671897623688, 1.2128743411158212, 1.8942962735891342, 1.2492475479957648, 1.3530206468421966], 'top_train_accuracies': [71.80936995153473, 92.91666666666667, 59.375, 71.875, 77.46365105008077, 96.44097222222221, 98.95833333333334, 98.4375, 98.4375, 98.81756756756756, 98.828125, 100.0, 76.04166666666666, 83.91544117647058, 93.75, 97.20394736842105, 100.0, 100.0, 100.0, 98.4375, 100.0, 100.0, 100.0, 100.0, 98.4375, 100.0, 98.125, 99.21875, 99.26470588235294, 100.0, 98.95833333333334, 100.0, 99.75961538461539, 100.0, 100.0, 100.0, 99.90234375, 100.0, 100.0, 100.0, 99.77678571428571, 99.35344827586206, 100.0, 100.0, 99.75961538461539, 100.0, 100.0, 99.21875, 99.375, 100.0], 'test_losses': [4.781423389911652, 7.823857665061951, 3.5131959915161133, 3.8538450598716736, 57.47481060028076, 0.2313759010285139, 12.044802069664001, 0.5450053289532661, 0.20755602652207017, 0.03394786501303315, 23.303617000579834, 10.998090505599976, 3.2617021799087524, 6.124988794326782, 18.843090057373047, 5.485851883888245, 17.06139051914215, 7.087602376937866, 6.130774199962616, 20.678673028945923, 9.646435379981995, 0.40153625048696995, 10.519965708255768, 0.4897098205983639, 0.33990411227568984, 0.7670168243348598, 0.5625230371952057, 0.2889981381595135, 7.091446280479431, 7.785204388201237, 1.332016259431839, 0.1893724948167801, 0.1976416539400816, 4.6682475209236145, 0.9357516560703516, 0.13691440736874938, 0.6462073298171163, 0.4048779532313347, 0.1899942522868514, 0.06014246307313442, 0.030050134286284447, 0.3760940389765892, 0.1596278022043407, 0.03175837779417634, 0.11678990814834833, 0.08355406112968922, 5.091247916221619, 5.035675346851349, 0.19289440382272005, 0.14107230585068464], 'top_test_accuracies': [75.0, 52.083333333333336, 50.0, 68.75, 53.125, 98.55072463768117, 50.0, 100.0, 100.0, 100.0, 59.42028985507246, 81.25, 78.125, 78.125, 65.625, 56.25, 84.375, 59.375, 50.0, 73.95833333333334, 71.875, 95.65217391304348, 87.5, 100.0, 96.37681159420289, 100.0, 100.0, 100.0, 53.125, 76.5625, 90.625, 98.55072463768117, 100.0, 60.15625, 98.4375, 100.0, 100.0, 96.875, 99.27536231884058, 100.0, 100.0, 98.95833333333334, 97.82608695652173, 100.0, 100.0, 100.0, 68.75, 53.125, 98.95833333333334, 98.55072463768117], 'train_times': [32.744217488, 30.914707924, 31.003895102, 31.095723771, 31.160300235, 31.157874803, 31.15719585, 31.166694095, 31.164526199, 31.164141559, 31.168340822, 31.175365576, 31.197619056, 31.184580108, 31.171200293, 31.180608784, 31.194649044, 31.187180741, 31.172971928, 31.166683369, 31.184819545, 31.183982257, 31.182956577, 31.150550045, 31.158082174, 31.135481001, 31.127169207, 31.142157075, 31.137806219, 31.122893634, 31.157527599, 31.133820736, 31.180940084, 31.155382855, 31.180285927, 31.162051374, 31.17631507, 31.188319319, 31.196881093, 31.164681103, 31.166716488, 31.166800641, 31.176384286, 31.179978399, 31.15004702, 31.135239772, 31.146679076, 31.122939153, 31.148426814, 31.135870262], 'test_times': [1.009634509, 1.010771779, 1.01037272, 1.011126351, 1.013065989, 1.01063377, 1.007328639, 1.011787616, 1.013045747, 1.011517513, 1.011603923, 1.012363541, 1.011934105, 1.011543541, 1.013939574, 1.012247929, 1.012210839, 1.011449837, 1.011865179, 1.012343212, 1.007402914, 1.01237579, 1.008985859, 1.007733356, 1.006798684, 1.014414415, 1.005772574, 1.004075523, 1.005562615, 1.009669145, 1.009508653, 1.014729489, 1.013152158, 1.012648368, 1.01303075, 1.01316854, 1.014328293, 1.013523103, 1.011415115, 1.012386143, 1.011734311, 1.011374491, 1.012142735, 1.011583652, 1.00665929, 1.014632763, 1.007981479, 1.013023108, 1.009308539, 1.01063509]}
